TN:
SF:/u/data/u93/mbmccorm/cs490st/project03/gnupg-1.0.5/g10/free-packet.c
FN:36,free_symkey_enc
FN:42,free_pubkey_enc
FN:54,free_seckey_enc
FN:70,release_public_key_parts
FN:88,free_public_key
FN:96,cp_data_block
FN:111,copy_public_key_new_namehash
FN:138,copy_public_key
FN:149,copy_public_parts_to_secret_key
FN:167,copy_signature
FN:188,copy_user_id
FN:199,release_secret_key_parts
FN:213,free_secret_key
FN:220,copy_secret_key
FN:238,free_comment
FN:244,free_user_id
FN:252,free_compressed
FN:264,free_encrypted
FN:286,free_plaintext
FN:310,free_packet
FN:362,cmp_public_keys
FN:389,cmp_secret_keys
FN:415,cmp_public_secret_key
FN:439,cmp_signatures
FN:466,cmp_user_ids
FNDA:0,free_symkey_enc
FNDA:0,free_pubkey_enc
FNDA:0,free_seckey_enc
FNDA:0,release_public_key_parts
FNDA:0,free_public_key
FNDA:0,cp_data_block
FNDA:0,copy_public_key_new_namehash
FNDA:0,copy_public_key
FNDA:0,copy_public_parts_to_secret_key
FNDA:0,copy_signature
FNDA:0,copy_user_id
FNDA:0,release_secret_key_parts
FNDA:0,free_secret_key
FNDA:0,copy_secret_key
FNDA:0,free_comment
FNDA:0,free_user_id
FNDA:0,free_compressed
FNDA:0,free_encrypted
FNDA:0,free_plaintext
FNDA:8,free_packet
FNDA:0,cmp_public_keys
FNDA:0,cmp_secret_keys
FNDA:0,cmp_public_secret_key
FNDA:0,cmp_signatures
FNDA:0,cmp_user_ids
FNF:25
FNH:1
DA:36,0
DA:38,0
DA:39,0
DA:42,0
DA:45,0
DA:46,0
DA:47,0
DA:48,0
DA:49,0
DA:50,0
DA:51,0
DA:54,0
DA:57,0
DA:58,0
DA:59,0
DA:60,0
DA:61,0
DA:62,0
DA:63,0
DA:64,0
DA:65,0
DA:70,0
DA:73,0
DA:74,0
DA:75,0
DA:76,0
DA:77,0
DA:78,0
DA:80,0
DA:81,0
DA:82,0
DA:84,0
DA:88,0
DA:90,0
DA:91,0
DA:92,0
DA:96,0
DA:101,0
DA:102,0
DA:103,0
DA:104,0
DA:105,0
DA:106,0
DA:111,0
DA:116,0
DA:117,0
DA:118,0
DA:119,0
DA:120,0
DA:121,0
DA:123,0
DA:124,0
DA:125,0
DA:127,0
DA:128,0
DA:129,0
DA:131,0
DA:132,0
DA:134,0
DA:138,0
DA:140,0
DA:149,0
DA:151,0
DA:152,0
DA:153,0
DA:154,0
DA:155,0
DA:156,0
DA:157,0
DA:158,0
DA:159,0
DA:160,0
DA:161,0
DA:162,0
DA:163,0
DA:164,0
DA:167,0
DA:171,0
DA:172,0
DA:173,0
DA:174,0
DA:175,0
DA:176,0
DA:178,0
DA:179,0
DA:181,0
DA:182,0
DA:183,0
DA:188,0
DA:190,0
DA:191,0
DA:192,0
DA:193,0
DA:199,0
DA:203,0
DA:204,0
DA:205,0
DA:206,0
DA:207,0
DA:208,0
DA:210,0
DA:213,0
DA:215,0
DA:216,0
DA:217,0
DA:220,0
DA:224,0
DA:225,0
DA:226,0
DA:227,0
DA:228,0
DA:229,0
DA:231,0
DA:232,0
DA:234,0
DA:238,0
DA:240,0
DA:241,0
DA:244,0
DA:246,0
DA:247,0
DA:248,0
DA:249,0
DA:252,0
DA:254,0
DA:257,0
DA:260,0
DA:261,0
DA:264,0
DA:266,0
DA:267,0
DA:268,0
DA:272,0
DA:273,0
DA:274,0
DA:275,0
DA:277,0
DA:281,0
DA:282,0
DA:286,0
DA:288,0
DA:289,0
DA:290,0
DA:294,0
DA:295,0
DA:296,0
DA:297,0
DA:299,0
DA:303,0
DA:304,0
DA:310,8
DA:312,8
DA:313,8
DA:315,0
DA:318,0
DA:320,0
DA:321,0
DA:323,0
DA:324,0
DA:326,0
DA:327,0
DA:330,0
DA:331,0
DA:334,0
DA:335,0
DA:337,0
DA:338,0
DA:340,0
DA:341,0
DA:343,0
DA:344,0
DA:346,0
DA:347,0
DA:349,0
DA:350,0
DA:352,0
DA:353,0
DA:355,0
DA:362,0
DA:366,0
DA:367,0
DA:368,0
DA:369,0
DA:370,0
DA:371,0
DA:373,0
DA:374,0
DA:375,0
DA:376,0
DA:377,0
DA:378,0
DA:381,0
DA:389,0
DA:393,0
DA:394,0
DA:395,0
DA:396,0
DA:397,0
DA:398,0
DA:400,0
DA:401,0
DA:402,0
DA:403,0
DA:404,0
DA:405,0
DA:408,0
DA:415,0
DA:419,0
DA:420,0
DA:421,0
DA:422,0
DA:423,0
DA:424,0
DA:426,0
DA:427,0
DA:428,0
DA:429,0
DA:430,0
DA:431,0
DA:433,0
DA:439,0
DA:443,0
DA:444,0
DA:445,0
DA:446,0
DA:447,0
DA:448,0
DA:450,0
DA:451,0
DA:452,0
DA:453,0
DA:454,0
DA:455,0
DA:457,0
DA:466,0
DA:470,0
DA:471,0
DA:472,0
DA:473,0
LF:239
LH:3
end_of_record
TN:
SF:/u/data/u93/mbmccorm/cs490st/project03/gnupg-1.0.5/g10/signal.c
FN:42,init_one_signal
FN:72,get_signal_name
FN:83,got_fatal_signal
FN:109,got_usr_signal
FN:116,init_signals
FN:131,pause_on_sigusr
FN:159,do_block
FN:207,block_all_signals
FN:213,unblock_all_signals
FNDA:0,init_one_signal
FNDA:0,get_signal_name
FNDA:0,got_fatal_signal
FNDA:0,got_usr_signal
FNDA:0,init_signals
FNDA:0,pause_on_sigusr
FNDA:0,do_block
FNDA:0,block_all_signals
FNDA:0,unblock_all_signals
FNF:9
FNH:0
DA:42,0
DA:48,0
DA:50,0
DA:51,0
DA:52,0
DA:55,0
DA:56,0
DA:57,0
DA:58,0
DA:72,0
DA:75,0
DA:83,0
DA:87,0
DA:88,0
DA:89,0
DA:91,0
DA:93,0
DA:94,0
DA:95,0
DA:96,0
DA:97,0
DA:99,0
DA:102,0
DA:103,0
DA:104,0
DA:105,0
DA:109,0
DA:111,0
DA:112,0
DA:116,0
DA:119,0
DA:120,0
DA:121,0
DA:122,0
DA:123,0
DA:124,0
DA:125,0
DA:127,0
DA:131,0
DA:137,0
DA:138,0
DA:139,0
DA:141,0
DA:142,0
DA:143,0
DA:144,0
DA:145,0
DA:155,0
DA:159,0
DA:166,0
DA:169,0
DA:170,0
DA:171,0
DA:172,0
DA:173,0
DA:176,0
DA:177,0
DA:178,0
DA:179,0
DA:203,0
DA:207,0
DA:209,0
DA:210,0
DA:213,0
DA:215,0
DA:216,0
LF:66
LH:0
end_of_record
TN:
SF:/u/data/u93/mbmccorm/cs490st/project03/gnupg-1.0.5/g10/keyid.c
FN:38,pubkey_letter
FN:53,do_fingerprint_md
FN:108,do_fingerprint_md_sk
FN:130,keyid_from_sk
FN:162,keyid_from_pk
FN:203,keyid_from_fingerprint
FN:236,keyid_from_sig
FN:249,nbits_from_pk
FN:258,nbits_from_sk
FN:264,mk_datestr
FN:284,datestr_from_pk
FN:293,datestr_from_sk
FN:302,datestr_from_sig
FN:312,expirestr_from_pk
FN:324,expirestr_from_sk
FN:336,colon_strtime
FN:349,colon_datestr_from_pk
FN:360,colon_datestr_from_sk
FN:371,colon_datestr_from_sig
FN:390,fingerprint_from_pk
FN:434,fingerprint_from_sk
FNDA:0,pubkey_letter
FNDA:0,do_fingerprint_md
FNDA:0,do_fingerprint_md_sk
FNDA:0,keyid_from_sk
FNDA:0,keyid_from_pk
FNDA:0,keyid_from_fingerprint
FNDA:0,keyid_from_sig
FNDA:0,nbits_from_pk
FNDA:0,nbits_from_sk
FNDA:0,mk_datestr
FNDA:0,datestr_from_pk
FNDA:0,datestr_from_sk
FNDA:0,datestr_from_sig
FNDA:0,expirestr_from_pk
FNDA:0,expirestr_from_sk
FNDA:0,colon_strtime
FNDA:0,colon_datestr_from_pk
FNDA:0,colon_datestr_from_sk
FNDA:0,colon_datestr_from_sig
FNDA:0,fingerprint_from_pk
FNDA:0,fingerprint_from_sk
FNF:21
FNH:0
DA:38,0
DA:40,0
DA:41,0
DA:42,0
DA:43,0
DA:44,0
DA:45,0
DA:46,0
DA:47,0
DA:53,0
DA:61,0
DA:63,0
DA:64,0
DA:65,0
DA:66,0
DA:67,0
DA:68,0
DA:71,0
DA:72,0
DA:73,0
DA:74,0
DA:75,0
DA:77,0
DA:79,0
DA:80,0
DA:81,0
DA:82,0
DA:83,0
DA:85,0
DA:88,0
DA:89,0
DA:91,0
DA:92,0
DA:93,0
DA:95,0
DA:96,0
DA:97,0
DA:98,0
DA:99,0
DA:100,0
DA:102,0
DA:104,0
DA:108,0
DA:111,0
DA:114,0
DA:115,0
DA:116,0
DA:117,0
DA:118,0
DA:119,0
DA:120,0
DA:121,0
DA:130,0
DA:135,0
DA:136,0
DA:138,0
DA:139,0
DA:140,0
DA:145,0
DA:146,0
DA:147,0
DA:148,0
DA:149,0
DA:150,0
DA:153,0
DA:162,0
DA:167,0
DA:168,0
DA:170,0
DA:171,0
DA:172,0
DA:173,0
DA:175,0
DA:176,0
DA:177,0
DA:178,0
DA:179,0
DA:184,0
DA:185,0
DA:186,0
DA:187,0
DA:188,0
DA:189,0
DA:190,0
DA:191,0
DA:194,0
DA:203,0
DA:207,0
DA:208,0
DA:210,0
DA:215,0
DA:216,0
DA:217,0
DA:219,0
DA:220,0
DA:223,0
DA:226,0
DA:227,0
DA:228,0
DA:231,0
DA:236,0
DA:238,0
DA:239,0
DA:240,0
DA:242,0
DA:249,0
DA:251,0
DA:258,0
DA:260,0
DA:264,0
DA:268,0
DA:269,0
DA:271,0
DA:272,0
DA:273,0
DA:275,0
DA:284,0
DA:287,0
DA:289,0
DA:293,0
DA:296,0
DA:298,0
DA:302,0
DA:305,0
DA:307,0
DA:312,0
DA:317,0
DA:318,0
DA:319,0
DA:320,0
DA:324,0
DA:329,0
DA:330,0
DA:331,0
DA:332,0
DA:336,0
DA:338,0
DA:339,0
DA:340,0
DA:342,0
DA:343,0
DA:345,0
DA:349,0
DA:351,0
DA:353,0
DA:354,0
DA:356,0
DA:360,0
DA:362,0
DA:364,0
DA:365,0
DA:367,0
DA:371,0
DA:373,0
DA:375,0
DA:376,0
DA:378,0
DA:390,0
DA:397,0
DA:401,0
DA:402,0
DA:403,0
DA:404,0
DA:405,0
DA:406,0
DA:407,0
DA:408,0
DA:410,0
DA:411,0
DA:412,0
DA:413,0
DA:414,0
DA:415,0
DA:419,0
DA:420,0
DA:421,0
DA:422,0
DA:423,0
DA:424,0
DA:425,0
DA:426,0
DA:429,0
DA:430,0
DA:434,0
DA:441,0
DA:445,0
DA:446,0
DA:447,0
DA:448,0
DA:449,0
DA:450,0
DA:451,0
DA:452,0
DA:454,0
DA:455,0
DA:456,0
DA:457,0
DA:458,0
DA:459,0
DA:463,0
DA:464,0
DA:465,0
DA:466,0
DA:467,0
DA:468,0
DA:469,0
DA:470,0
DA:473,0
DA:474,0
LF:209
LH:0
end_of_record
TN:
SF:/u/data/u93/mbmccorm/cs490st/project03/gnupg-1.0.5/g10/dearmor.c
FN:42,dearmor_file
FN:84,enarmor_file
FNDA:0,dearmor_file
FNDA:0,enarmor_file
FNF:2
FNH:0
DA:42,0
DA:45,0
DA:46,0
DA:49,0
DA:52,0
DA:55,0
DA:56,0
DA:59,0
DA:61,0
DA:62,0
DA:66,0
DA:67,0
DA:71,0
DA:72,0
DA:74,0
DA:75,0
DA:76,0
DA:84,0
DA:87,0
DA:88,0
DA:91,0
DA:94,0
DA:97,0
DA:98,0
DA:102,0
DA:103,0
DA:105,0
DA:106,0
DA:107,0
DA:109,0
DA:110,0
DA:114,0
DA:115,0
DA:117,0
DA:118,0
DA:119,0
LF:36
LH:0
end_of_record
TN:
SF:/u/data/u93/mbmccorm/cs490st/project03/gnupg-1.0.5/g10/keygen.c
FN:92,write_uid
FN:107,keygen_add_key_expire
FN:132,keygen_add_std_prefs
FN:166,write_selfsig
FN:208,write_keybinding
FN:254,gen_elg
FN:340,gen_dsa
FN:517,check_valid_days
FN:544,ask_algo
FN:601,ask_keysize
FN:674,parse_expire_string
FN:705,ask_expire_interval
FN:758,ask_expiredate
FN:765,has_invalid_email_chars
FN:787,ask_user_id
FN:951,ask_passphrase
FN:984,do_create
FN:1025,generate_user_id
FN:1043,release_parameter_list
FN:1059,get_parameter
FN:1069,get_parameter_value
FN:1076,get_parameter_algo
FN:1088,get_parameter_u32
FN:1101,get_parameter_uint
FN:1107,get_parameter_dek
FN:1114,get_parameter_s2k
FN:1122,proc_parameter_file
FN:1232,read_parameter_file
FN:1412,generate_keypair
FN:1513,do_generate_keypair
FN:1722,generate_subkeypair
FN:1821,write_keyblock
FNDA:0,write_uid
FNDA:0,keygen_add_key_expire
FNDA:0,keygen_add_std_prefs
FNDA:0,write_selfsig
FNDA:0,write_keybinding
FNDA:0,gen_elg
FNDA:0,gen_dsa
FNDA:0,check_valid_days
FNDA:0,ask_algo
FNDA:0,ask_keysize
FNDA:0,parse_expire_string
FNDA:0,ask_expire_interval
FNDA:0,ask_expiredate
FNDA:0,has_invalid_email_chars
FNDA:0,ask_user_id
FNDA:0,ask_passphrase
FNDA:0,do_create
FNDA:0,generate_user_id
FNDA:0,release_parameter_list
FNDA:0,get_parameter
FNDA:0,get_parameter_value
FNDA:0,get_parameter_algo
FNDA:0,get_parameter_u32
FNDA:0,get_parameter_uint
FNDA:0,get_parameter_dek
FNDA:0,get_parameter_s2k
FNDA:0,proc_parameter_file
FNDA:0,read_parameter_file
FNDA:0,generate_keypair
FNDA:0,do_generate_keypair
FNDA:0,generate_subkeypair
FNDA:0,write_keyblock
FNF:32
FNH:0
DA:92,0
DA:94,0
DA:95,0
DA:97,0
DA:98,0
DA:99,0
DA:100,0
DA:101,0
DA:102,0
DA:107,0
DA:109,0
DA:113,0
DA:114,0
DA:115,0
DA:116,0
DA:117,0
DA:118,0
DA:119,0
DA:120,0
DA:123,0
DA:132,0
DA:136,0
DA:138,0
DA:139,0
DA:140,0
DA:141,0
DA:142,0
DA:144,0
DA:145,0
DA:146,0
DA:148,0
DA:149,0
DA:150,0
DA:152,0
DA:158,0
DA:160,0
DA:166,0
DA:171,0
DA:175,0
DA:179,0
DA:180,0
DA:181,0
DA:182,0
DA:184,0
DA:185,0
DA:186,0
DA:187,0
DA:190,0
DA:193,0
DA:195,0
DA:197,0
DA:200,0
DA:201,0
DA:202,0
DA:203,0
DA:204,0
DA:208,0
DA:212,0
DA:216,0
DA:220,0
DA:221,0
DA:222,0
DA:223,0
DA:226,0
DA:229,0
DA:230,0
DA:231,0
DA:232,0
DA:234,0
DA:235,0
DA:238,0
DA:240,0
DA:242,0
DA:245,0
DA:246,0
DA:247,0
DA:248,0
DA:249,0
DA:254,0
DA:265,0
DA:267,0
DA:268,0
DA:272,0
DA:273,0
DA:277,0
DA:278,0
DA:280,0
DA:283,0
DA:284,0
DA:285,0
DA:286,0
DA:287,0
DA:288,0
DA:290,0
DA:291,0
DA:292,0
DA:293,0
DA:294,0
DA:295,0
DA:296,0
DA:297,0
DA:298,0
DA:299,0
DA:301,0
DA:302,0
DA:303,0
DA:305,0
DA:306,0
DA:307,0
DA:308,0
DA:309,0
DA:311,0
DA:312,0
DA:313,0
DA:317,0
DA:318,0
DA:319,0
DA:320,0
DA:324,0
DA:325,0
DA:326,0
DA:327,0
DA:328,0
DA:329,0
DA:330,0
DA:332,0
DA:340,0
DA:351,0
DA:352,0
DA:356,0
DA:357,0
DA:361,0
DA:362,0
DA:364,0
DA:367,0
DA:368,0
DA:369,0
DA:370,0
DA:371,0
DA:372,0
DA:374,0
DA:375,0
DA:376,0
DA:377,0
DA:378,0
DA:379,0
DA:380,0
DA:381,0
DA:382,0
DA:383,0
DA:384,0
DA:385,0
DA:387,0
DA:388,0
DA:389,0
DA:391,0
DA:392,0
DA:393,0
DA:394,0
DA:395,0
DA:397,0
DA:398,0
DA:399,0
DA:403,0
DA:404,0
DA:405,0
DA:406,0
DA:414,0
DA:415,0
DA:416,0
DA:417,0
DA:418,0
DA:419,0
DA:420,0
DA:422,0
DA:517,0
DA:519,0
DA:520,0
DA:521,0
DA:522,0
DA:523,0
DA:524,0
DA:525,0
DA:526,0
DA:527,0
DA:528,0
DA:529,0
DA:530,0
DA:531,0
DA:532,0
DA:533,0
DA:534,0
DA:535,0
DA:536,0
DA:544,0
DA:549,0
DA:550,0
DA:551,0
DA:552,0
DA:553,0
DA:554,0
DA:555,0
DA:561,0
DA:562,0
DA:563,0
DA:564,0
DA:565,0
DA:566,0
DA:567,0
DA:578,0
DA:579,0
DA:581,0
DA:582,0
DA:585,0
DA:586,0
DA:587,0
DA:589,0
DA:590,0
DA:591,0
DA:594,0
DA:595,0
DA:596,0
DA:601,0
DA:606,0
DA:612,0
DA:613,0
DA:614,0
DA:615,0
DA:616,0
DA:617,0
DA:618,0
DA:619,0
DA:620,0
DA:621,0
DA:622,0
DA:624,0
DA:633,0
DA:636,0
DA:637,0
DA:638,0
DA:640,0
DA:642,0
DA:645,0
DA:648,0
DA:649,0
DA:651,0
DA:655,0
DA:656,0
DA:657,0
DA:658,0
DA:659,0
DA:661,0
DA:662,0
DA:663,0
DA:665,0
DA:674,0
DA:677,0
DA:678,0
DA:681,0
DA:682,0
DA:683,0
DA:690,0
DA:692,0
DA:693,0
DA:694,0
DA:695,0
DA:698,0
DA:700,0
DA:705,0
DA:708,0
DA:709,0
DA:711,0
DA:721,0
DA:723,0
DA:725,0
DA:726,0
DA:727,0
DA:728,0
DA:729,0
DA:730,0
DA:731,0
DA:732,0
DA:735,0
DA:736,0
DA:737,0
DA:740,0
DA:742,0
DA:749,0
DA:750,0
DA:752,0
DA:753,0
DA:754,0
DA:758,0
DA:760,0
DA:761,0
DA:765,0
DA:767,0
DA:772,0
DA:773,0
DA:774,0
DA:775,0
DA:776,0
DA:777,0
DA:778,0
DA:779,0
DA:780,0
DA:782,0
DA:787,0
DA:792,0
DA:793,0
DA:797,0
DA:800,0
DA:802,0
DA:804,0
DA:805,0
DA:806,0
DA:807,0
DA:809,0
DA:810,0
DA:812,0
DA:813,0
DA:814,0
DA:815,0
DA:816,0
DA:817,0
DA:819,0
DA:820,0
DA:822,0
DA:824,0
DA:825,0
DA:826,0
DA:827,0
DA:828,0
DA:829,0
DA:830,0
DA:831,0
DA:832,0
DA:833,0
DA:834,0
DA:835,0
DA:836,0
DA:839,0
DA:841,0
DA:843,0
DA:844,0
DA:845,0
DA:846,0
DA:847,0
DA:848,0
DA:849,0
DA:850,0
DA:852,0
DA:853,0
DA:857,0
DA:858,0
DA:859,0
DA:860,0
DA:861,0
DA:862,0
DA:863,0
DA:867,0
DA:868,0
DA:871,0
DA:872,0
DA:873,0
DA:875,0
DA:879,0
DA:881,0
DA:882,0
DA:883,0
DA:888,0
DA:890,0
DA:891,0
DA:892,0
DA:893,0
DA:894,0
DA:897,0
DA:900,0
DA:902,0
DA:904,0
DA:905,0
DA:906,0
DA:908,0
DA:909,0
DA:910,0
DA:912,0
DA:913,0
DA:914,0
DA:916,0
DA:917,0
DA:918,0
DA:921,0
DA:922,0
DA:923,0
DA:924,0
DA:927,0
DA:928,0
DA:929,0
DA:930,0
DA:931,0
DA:932,0
DA:934,0
DA:935,0
DA:936,0
DA:937,0
DA:939,0
DA:940,0
DA:941,0
DA:942,0
DA:943,0
DA:944,0
DA:946,0
DA:951,0
DA:953,0
DA:956,0
DA:958,0
DA:960,0
DA:961,0
DA:962,0
DA:963,0
DA:964,0
DA:966,0
DA:967,0
DA:968,0
DA:969,0
DA:973,0
DA:976,0
DA:977,0
DA:978,0
DA:979,0
DA:984,0
DA:987,0
DA:989,0
DA:990,0
DA:996,0
DA:997,0
DA:998,0
DA:999,0
DA:1005,0
DA:1017,0
DA:1025,0
DA:1031,0
DA:1032,0
DA:1033,0
DA:1034,0
DA:1035,0
DA:1036,0
DA:1037,0
DA:1038,0
DA:1043,0
DA:1047,0
DA:1048,0
DA:1049,0
DA:1050,0
DA:1051,0
DA:1052,0
DA:1054,0
DA:1056,0
DA:1059,0
DA:1063,0
DA:1065,0
DA:1069,0
DA:1071,0
DA:1072,0
DA:1076,0
DA:1078,0
DA:1079,0
DA:1080,0
DA:1081,0
DA:1082,0
DA:1083,0
DA:1088,0
DA:1090,0
DA:1092,0
DA:1093,0
DA:1094,0
DA:1095,0
DA:1097,0
DA:1101,0
DA:1103,0
DA:1107,0
DA:1109,0
DA:1110,0
DA:1114,0
DA:1116,0
DA:1117,0
DA:1122,0
DA:1132,0
DA:1133,0
DA:1134,0
DA:1135,0
DA:1137,0
DA:1140,0
DA:1141,0
DA:1142,0
DA:1144,0
DA:1147,0
DA:1149,0
DA:1150,0
DA:1151,0
DA:1152,0
DA:1153,0
DA:1154,0
DA:1155,0
DA:1156,0
DA:1157,0
DA:1158,0
DA:1159,0
DA:1160,0
DA:1161,0
DA:1162,0
DA:1163,0
DA:1164,0
DA:1169,0
DA:1170,0
DA:1177,0
DA:1178,0
DA:1179,0
DA:1180,0
DA:1181,0
DA:1182,0
DA:1183,0
DA:1184,0
DA:1186,0
DA:1187,0
DA:1188,0
DA:1189,0
DA:1190,0
DA:1191,0
DA:1192,0
DA:1193,0
DA:1194,0
DA:1195,0
DA:1199,0
DA:1200,0
DA:1201,0
DA:1202,0
DA:1204,0
DA:1206,0
DA:1207,0
DA:1209,0
DA:1210,0
DA:1211,0
DA:1212,0
DA:1213,0
DA:1216,0
DA:1218,0
DA:1221,0
DA:1222,0
DA:1232,0
DA:1251,0
DA:1256,0
DA:1258,0
DA:1259,0
DA:1260,0
DA:1263,0
DA:1264,0
DA:1266,0
DA:1270,0
DA:1271,0
DA:1272,0
DA:1273,0
DA:1276,0
DA:1277,0
DA:1278,0
DA:1279,0
DA:1281,0
DA:1283,0
DA:1284,0
DA:1285,0
DA:1286,0
DA:1287,0
DA:1289,0
DA:1290,0
DA:1291,0
DA:1293,0
DA:1294,0
DA:1295,0
DA:1297,0
DA:1298,0
DA:1299,0
DA:1300,0
DA:1301,0
DA:1302,0
DA:1303,0
DA:1305,0
DA:1306,0
DA:1309,0
DA:1310,0
DA:1311,0
DA:1314,0
DA:1315,0
DA:1318,0
DA:1319,0
DA:1320,0
DA:1327,0
DA:1331,0
DA:1332,0
DA:1333,0
DA:1335,0
DA:1336,0
DA:1337,0
DA:1339,0
DA:1340,0
DA:1341,0
DA:1343,0
DA:1344,0
DA:1346,0
DA:1347,0
DA:1348,0
DA:1350,0
DA:1351,0
DA:1352,0
DA:1354,0
DA:1355,0
DA:1356,0
DA:1359,0
DA:1360,0
DA:1361,0
DA:1362,0
DA:1363,0
DA:1366,0
DA:1367,0
DA:1368,0
DA:1370,0
DA:1371,0
DA:1372,0
DA:1375,0
DA:1376,0
DA:1377,0
DA:1378,0
DA:1379,0
DA:1380,0
DA:1382,0
DA:1384,0
DA:1387,0
DA:1388,0
DA:1389,0
DA:1392,0
DA:1393,0
DA:1394,0
DA:1395,0
DA:1396,0
DA:1397,0
DA:1398,0
DA:1401,0
DA:1402,0
DA:1403,0
DA:1412,0
DA:1415,0
DA:1419,0
DA:1421,0
DA:1425,0
DA:1427,0
DA:1428,0
DA:1429,0
DA:1432,0
DA:1433,0
DA:1434,0
DA:1435,0
DA:1436,0
DA:1437,0
DA:1438,0
DA:1439,0
DA:1440,0
DA:1441,0
DA:1442,0
DA:1443,0
DA:1444,0
DA:1445,0
DA:1447,0
DA:1448,0
DA:1449,0
DA:1450,0
DA:1451,0
DA:1452,0
DA:1455,0
DA:1456,0
DA:1457,0
DA:1458,0
DA:1459,0
DA:1462,0
DA:1463,0
DA:1464,0
DA:1465,0
DA:1466,0
DA:1467,0
DA:1469,0
DA:1470,0
DA:1471,0
DA:1472,0
DA:1473,0
DA:1474,0
DA:1475,0
DA:1476,0
DA:1477,0
DA:1478,0
DA:1479,0
DA:1481,0
DA:1482,0
DA:1484,0
DA:1485,0
DA:1487,0
DA:1488,0
DA:1489,0
DA:1490,0
DA:1491,0
DA:1493,0
DA:1494,0
DA:1495,0
DA:1496,0
DA:1497,0
DA:1498,0
DA:1499,0
DA:1500,0
DA:1501,0
DA:1502,0
DA:1503,0
DA:1504,0
DA:1507,0
DA:1508,0
DA:1513,0
DA:1516,0
DA:1517,0
DA:1518,0
DA:1519,0
DA:1520,0
DA:1523,0
DA:1525,0
DA:1527,0
DA:1531,0
DA:1532,0
DA:1533,0
DA:1534,0
DA:1535,0
DA:1536,0
DA:1537,0
DA:1539,0
DA:1540,0
DA:1543,0
DA:1545,0
DA:1546,0
DA:1547,0
DA:1548,0
DA:1551,0
DA:1552,0
DA:1553,0
DA:1554,0
DA:1555,0
DA:1556,0
DA:1558,0
DA:1559,0
DA:1562,0
DA:1564,0
DA:1565,0
DA:1566,0
DA:1567,0
DA:1570,0
DA:1571,0
DA:1572,0
DA:1573,0
DA:1576,0
DA:1577,0
DA:1580,0
DA:1590,0
DA:1591,0
DA:1593,0
DA:1600,0
DA:1601,0
DA:1602,0
DA:1603,0
DA:1604,0
DA:1605,0
DA:1606,0
DA:1607,0
DA:1610,0
DA:1611,0
DA:1618,0
DA:1619,0
DA:1620,0
DA:1621,0
DA:1622,0
DA:1626,0
DA:1627,0
DA:1630,0
DA:1631,0
DA:1637,0
DA:1640,0
DA:1641,0
DA:1644,0
DA:1645,0
DA:1647,0
DA:1649,0
DA:1651,0
DA:1654,0
DA:1656,0
DA:1657,0
DA:1659,0
DA:1661,0
DA:1663,0
DA:1667,0
DA:1669,0
DA:1671,0
DA:1673,0
DA:1675,0
DA:1678,0
DA:1679,0
DA:1680,0
DA:1681,0
DA:1682,0
DA:1684,0
DA:1691,0
DA:1692,0
DA:1693,0
DA:1694,0
DA:1697,0
DA:1698,0
DA:1701,0
DA:1704,0
DA:1706,0
DA:1707,0
DA:1708,0
DA:1709,0
DA:1710,0
DA:1711,0
DA:1712,0
DA:1722,0
DA:1724,0
DA:1726,0
DA:1730,0
DA:1731,0
DA:1732,0
DA:1736,0
DA:1737,0
DA:1739,0
DA:1743,0
DA:1745,0
DA:1746,0
DA:1747,0
DA:1752,0
DA:1753,0
DA:1754,0
DA:1760,0
DA:1762,0
DA:1763,0
DA:1765,0
DA:1766,0
DA:1768,0
DA:1769,0
DA:1770,0
DA:1771,0
DA:1772,0
DA:1774,0
DA:1775,0
DA:1778,0
DA:1779,0
DA:1780,0
DA:1781,0
DA:1782,0
DA:1783,0
DA:1784,0
DA:1786,0
DA:1787,0
DA:1788,0
DA:1789,0
DA:1790,0
DA:1791,0
DA:1794,0
DA:1796,0
DA:1797,0
DA:1798,0
DA:1799,0
DA:1800,0
DA:1801,0
DA:1802,0
DA:1808,0
DA:1809,0
DA:1810,0
DA:1811,0
DA:1812,0
DA:1813,0
DA:1814,0
DA:1821,0
DA:1823,0
DA:1824,0
DA:1825,0
DA:1828,0
DA:1831,0
LF:888
LH:0
end_of_record
TN:
SF:/u/data/u93/mbmccorm/cs490st/project03/gnupg-1.0.5/g10/delkey.c
FN:50,do_delete_key
FN:168,delete_key
FNDA:0,do_delete_key
FNDA:0,delete_key
FNF:2
FNH:0
DA:50,0
DA:52,0
DA:53,0
DA:56,0
DA:57,0
DA:59,0
DA:62,0
DA:64,0
DA:65,0
DA:66,0
DA:68,0
DA:69,0
DA:73,0
DA:74,0
DA:76,0
DA:80,0
DA:81,0
DA:83,0
DA:84,0
DA:87,0
DA:88,0
DA:89,0
DA:92,0
DA:93,0
DA:94,0
DA:95,0
DA:96,0
DA:97,0
DA:98,0
DA:100,0
DA:104,0
DA:107,0
DA:108,0
DA:109,0
DA:111,0
DA:112,0
DA:113,0
DA:119,0
DA:120,0
DA:122,0
DA:125,0
DA:127,0
DA:129,0
DA:130,0
DA:131,0
DA:132,0
DA:134,0
DA:136,0
DA:137,0
DA:143,0
DA:144,0
DA:146,0
DA:147,0
DA:151,0
DA:152,0
DA:153,0
DA:155,0
DA:160,0
DA:161,0
DA:168,0
DA:172,0
DA:173,0
DA:174,0
DA:175,0
DA:176,0
DA:177,0
DA:184,0
DA:187,0
LF:68
LH:0
end_of_record
TN:
SF:/u/data/u93/mbmccorm/cs490st/project03/gnupg-1.0.5/g10/ringedit.c
FN:107,check_pos
FN:118,fatal_gdbm_error
FN:134,lock_rentry
FN:150,unlock_rentry
FN:167,enum_keyblock_resources
FN:192,add_keyblock_resource
FN:386,keyblock_resource_name
FN:402,get_keyblock_handle
FN:432,get_writable_keyblock_file
FN:466,search
FN:514,find_keyblock_byname
FN:540,find_keyblock_bypk
FN:557,find_keyblock_bysk
FN:575,find_secret_keyblock_byname
FN:608,locate_keyblock_by_fpr
FN:647,locate_keyblock_by_keyid
FN:696,lock_keyblock
FN:707,unlock_keyblock
FN:717,read_keyblock
FN:748,enum_keyblocks
FN:860,insert_keyblock
FN:889,delete_keyblock
FN:917,update_keyblock
FN:1067,cmp_seckey
FN:1088,cmp_pubkey
FN:1106,keyring_search
FN:1174,keyring_read
FN:1256,keyring_enum
FN:1345,keyring_copy
FN:1587,do_gdbm_store
FN:1688,do_gdbm_locate
FN:1713,do_gdbm_locate_by_keyid
FN:1758,do_gdbm_read
FN:1833,do_gdbm_enum
FNDA:0,check_pos
FNDA:0,fatal_gdbm_error
FNDA:0,lock_rentry
FNDA:0,unlock_rentry
FNDA:0,enum_keyblock_resources
FNDA:762,add_keyblock_resource
FNDA:0,keyblock_resource_name
FNDA:0,get_keyblock_handle
FNDA:0,get_writable_keyblock_file
FNDA:0,search
FNDA:0,find_keyblock_byname
FNDA:0,find_keyblock_bypk
FNDA:0,find_keyblock_bysk
FNDA:0,find_secret_keyblock_byname
FNDA:0,locate_keyblock_by_fpr
FNDA:0,locate_keyblock_by_keyid
FNDA:0,lock_keyblock
FNDA:0,unlock_keyblock
FNDA:0,read_keyblock
FNDA:0,enum_keyblocks
FNDA:0,insert_keyblock
FNDA:0,delete_keyblock
FNDA:0,update_keyblock
FNDA:0,cmp_seckey
FNDA:0,cmp_pubkey
FNDA:0,keyring_search
FNDA:0,keyring_read
FNDA:0,keyring_enum
FNDA:0,keyring_copy
FNDA:0,do_gdbm_store
FNDA:0,do_gdbm_locate
FNDA:0,do_gdbm_locate_by_keyid
FNDA:0,do_gdbm_read
FNDA:0,do_gdbm_enum
FNF:34
FNH:1
DA:107,0
DA:109,0
DA:110,0
DA:111,0
DA:112,0
DA:113,0
DA:118,0
DA:120,0
DA:134,0
DA:136,0
DA:137,0
DA:138,0
DA:139,0
DA:140,0
DA:142,0
DA:143,0
DA:144,0
DA:145,0
DA:147,0
DA:150,0
DA:152,0
DA:153,0
DA:154,0
DA:155,0
DA:167,0
DA:169,0
DA:170,0
DA:172,0
DA:173,0
DA:174,0
DA:175,0
DA:176,0
DA:179,0
DA:180,0
DA:192,762
DA:195,762
DA:196,762
DA:198,762
DA:199,762
DA:200,762
DA:201,762
DA:208,762
DA:209,0
DA:210,0
DA:211,0
DA:213,0
DA:214,0
DA:215,0
DA:218,0
DA:220,0
DA:221,0
DA:226,762
DA:227,762
DA:228,0
DA:230,762
DA:233,0
DA:235,762
DA:236,762
DA:238,1143
DA:239,1143
DA:240,762
DA:241,762
DA:242,0
DA:243,0
DA:247,762
DA:248,762
DA:250,762
DA:253,762
DA:254,0
DA:255,0
DA:256,0
DA:259,0
DA:262,762
DA:263,762
DA:266,0
DA:269,762
DA:272,0
DA:273,0
DA:276,762
DA:277,762
DA:278,0
DA:279,0
DA:282,762
DA:285,0
DA:286,0
DA:288,0
DA:293,0
DA:294,0
DA:295,0
DA:298,0
DA:300,0
DA:301,0
DA:304,0
DA:305,0
DA:309,0
DA:310,0
DA:313,0
DA:314,0
DA:318,0
DA:320,0
DA:324,762
DA:325,762
DA:326,762
DA:327,0
DA:329,762
DA:333,0
DA:338,0
DA:341,0
DA:342,0
DA:344,0
DA:349,0
DA:350,0
DA:361,762
DA:362,762
DA:363,762
DA:364,762
DA:365,762
DA:366,762
DA:367,381
DA:369,381
DA:372,762
DA:374,762
DA:375,381
DA:377,381
DA:378,762
DA:379,762
DA:386,0
DA:390,0
DA:391,0
DA:392,0
DA:402,0
DA:404,0
DA:406,0
DA:407,0
DA:409,0
DA:410,0
DA:412,0
DA:413,0
DA:414,0
DA:415,0
DA:416,0
DA:420,0
DA:432,0
DA:434,0
DA:436,0
DA:437,0
DA:438,0
DA:441,0
DA:442,0
DA:443,0
DA:444,0
DA:449,0
DA:466,0
DA:468,0
DA:470,0
DA:471,0
DA:472,0
DA:474,0
DA:475,0
DA:476,0
DA:479,0
DA:483,0
DA:484,0
DA:487,0
DA:489,0
DA:492,0
DA:493,0
DA:494,0
DA:495,0
DA:496,0
DA:498,0
DA:501,0
DA:505,0
DA:514,0
DA:517,0
DA:520,0
DA:521,0
DA:522,0
DA:523,0
DA:526,0
DA:527,0
DA:528,0
DA:529,0
DA:530,0
DA:531,0
DA:540,0
DA:545,0
DA:546,0
DA:547,0
DA:548,0
DA:549,0
DA:557,0
DA:562,0
DA:563,0
DA:564,0
DA:565,0
DA:566,0
DA:575,0
DA:578,0
DA:581,0
DA:582,0
DA:583,0
DA:584,0
DA:587,0
DA:588,0
DA:589,0
DA:590,0
DA:591,0
DA:592,0
DA:608,0
DA:611,0
DA:614,0
DA:615,0
DA:616,0
DA:617,0
DA:620,0
DA:621,0
DA:622,0
DA:625,0
DA:626,0
DA:629,0
DA:630,0
DA:631,0
DA:632,0
DA:634,0
DA:637,0
DA:642,0
DA:647,0
DA:650,0
DA:652,0
DA:653,0
DA:655,0
DA:656,0
DA:657,0
DA:658,0
DA:661,0
DA:662,0
DA:663,0
DA:666,0
DA:667,0
DA:670,0
DA:671,0
DA:672,0
DA:673,0
DA:675,0
DA:678,0
DA:683,0
DA:696,0
DA:698,0
DA:699,0
DA:700,0
DA:707,0
DA:709,0
DA:710,0
DA:711,0
DA:717,0
DA:719,0
DA:720,0
DA:722,0
DA:724,0
DA:727,0
DA:729,0
DA:748,0
DA:750,0
DA:753,0
DA:756,0
DA:757,0
DA:758,0
DA:759,0
DA:760,0
DA:762,0
DA:763,0
DA:764,0
DA:765,0
DA:768,0
DA:769,0
DA:770,0
DA:771,0
DA:772,0
DA:773,0
DA:774,0
DA:775,0
DA:776,0
DA:777,0
DA:778,0
DA:779,0
DA:781,0
DA:782,0
DA:784,0
DA:786,0
DA:790,0
DA:791,0
DA:793,0
DA:795,0
DA:797,0
DA:800,0
DA:801,0
DA:803,0
DA:804,0
DA:805,0
DA:806,0
DA:809,0
DA:810,0
DA:812,0
DA:815,0
DA:816,0
DA:817,0
DA:818,0
DA:820,0
DA:822,0
DA:823,0
DA:824,0
DA:826,0
DA:829,0
DA:831,0
DA:832,0
DA:833,0
DA:835,0
DA:837,0
DA:840,0
DA:843,0
DA:846,0
DA:847,0
DA:849,0
DA:860,0
DA:864,0
DA:865,0
DA:867,0
DA:869,0
DA:870,0
DA:873,0
DA:874,0
DA:876,0
DA:879,0
DA:889,0
DA:893,0
DA:894,0
DA:896,0
DA:898,0
DA:899,0
DA:903,0
DA:904,0
DA:906,0
DA:909,0
DA:917,0
DA:921,0
DA:922,0
DA:924,0
DA:926,0
DA:927,0
DA:930,0
DA:931,0
DA:933,0
DA:936,0
DA:1067,0
DA:1071,0
DA:1073,0
DA:1074,0
DA:1080,0
DA:1081,0
DA:1082,0
DA:1084,0
DA:1088,0
DA:1092,0
DA:1094,0
DA:1095,0
DA:1096,0
DA:1097,0
DA:1099,0
DA:1106,0
DA:1112,0
DA:1113,0
DA:1114,0
DA:1116,0
DA:1117,0
DA:1118,0
DA:1119,0
DA:1122,0
DA:1123,0
DA:1124,0
DA:1126,0
DA:1127,0
DA:1137,0
DA:1138,0
DA:1139,0
DA:1141,0
DA:1142,0
DA:1143,0
DA:1144,0
DA:1146,0
DA:1147,0
DA:1149,0
DA:1150,0
DA:1151,0
DA:1152,0
DA:1155,0
DA:1156,0
DA:1158,0
DA:1159,0
DA:1160,0
DA:1164,0
DA:1165,0
DA:1167,0
DA:1169,0
DA:1174,0
DA:1179,0
DA:1181,0
DA:1183,0
DA:1184,0
DA:1186,0
DA:1187,0
DA:1189,0
DA:1192,0
DA:1194,0
DA:1196,0
DA:1197,0
DA:1200,0
DA:1201,0
DA:1202,0
DA:1203,0
DA:1204,0
DA:1205,0
DA:1207,0
DA:1208,0
DA:1210,0
DA:1211,0
DA:1212,0
DA:1213,0
DA:1216,0
DA:1219,0
DA:1220,0
DA:1221,0
DA:1225,0
DA:1226,0
DA:1227,0
DA:1229,0
DA:1230,0
DA:1231,0
DA:1233,0
DA:1234,0
DA:1235,0
DA:1236,0
DA:1240,0
DA:1241,0
DA:1242,0
DA:1244,0
DA:1245,0
DA:1247,0
DA:1248,0
DA:1249,0
DA:1250,0
DA:1251,0
DA:1256,0
DA:1261,0
DA:1263,0
DA:1264,0
DA:1266,0
DA:1267,0
DA:1268,0
DA:1271,0
DA:1272,0
DA:1273,0
DA:1274,0
DA:1275,0
DA:1277,0
DA:1278,0
DA:1280,0
DA:1281,0
DA:1282,0
DA:1285,0
DA:1288,0
DA:1289,0
DA:1290,0
DA:1294,0
DA:1295,0
DA:1296,0
DA:1297,0
DA:1299,0
DA:1300,0
DA:1301,0
DA:1302,0
DA:1307,0
DA:1308,0
DA:1309,0
DA:1311,0
DA:1312,0
DA:1313,0
DA:1314,0
DA:1315,0
DA:1317,0
DA:1318,0
DA:1319,0
DA:1320,0
DA:1324,0
DA:1325,0
DA:1327,0
DA:1328,0
DA:1330,0
DA:1331,0
DA:1332,0
DA:1334,0
DA:1345,0
DA:1349,0
DA:1350,0
DA:1351,0
DA:1353,0
DA:1354,0
DA:1355,0
DA:1356,0
DA:1358,0
DA:1359,0
DA:1361,0
DA:1364,0
DA:1365,0
DA:1369,0
DA:1370,0
DA:1372,0
DA:1373,0
DA:1375,0
DA:1378,0
DA:1379,0
DA:1380,0
DA:1383,0
DA:1384,0
DA:1385,0
DA:1388,0
DA:1390,0
DA:1391,0
DA:1393,0
DA:1396,0
DA:1397,0
DA:1399,0
DA:1401,0
DA:1403,0
DA:1404,0
DA:1430,0
DA:1431,0
DA:1432,0
DA:1433,0
DA:1435,0
DA:1436,0
DA:1438,0
DA:1439,0
DA:1440,0
DA:1443,0
DA:1445,0
DA:1446,0
DA:1449,0
DA:1450,0
DA:1451,0
DA:1453,0
DA:1456,0
DA:1458,0
DA:1459,0
DA:1462,0
DA:1463,0
DA:1464,0
DA:1467,0
DA:1468,0
DA:1469,0
DA:1472,0
DA:1473,0
DA:1474,0
DA:1478,0
DA:1482,0
DA:1483,0
DA:1484,0
DA:1487,0
DA:1488,0
DA:1489,0
DA:1490,0
DA:1493,0
DA:1496,0
DA:1498,0
DA:1499,0
DA:1502,0
DA:1503,0
DA:1504,0
DA:1506,0
DA:1510,0
DA:1512,0
DA:1513,0
DA:1515,0
DA:1517,0
DA:1518,0
DA:1522,0
DA:1523,0
DA:1526,0
DA:1527,0
DA:1533,0
DA:1534,0
DA:1535,0
DA:1539,0
DA:1542,0
DA:1543,0
DA:1546,0
DA:1547,0
DA:1551,0
DA:1554,0
DA:1555,0
DA:1562,0
DA:1566,0
DA:1567,0
DA:1568,0
DA:1569,0
DA:1587,0
DA:1592,0
DA:1600,0
DA:1601,0
DA:1603,0
DA:1604,0
DA:1607,0
DA:1608,0
DA:1609,0
DA:1610,0
DA:1612,0
DA:1613,0
DA:1614,0
DA:1617,0
DA:1618,0
DA:1619,0
DA:1620,0
DA:1621,0
DA:1624,0
DA:1625,0
DA:1629,0
DA:1630,0
DA:1631,0
DA:1632,0
DA:1633,0
DA:1634,0
DA:1635,0
DA:1637,0
DA:1638,0
DA:1640,0
DA:1644,0
DA:1645,0
DA:1648,0
DA:1649,0
DA:1650,0
DA:1651,0
DA:1652,0
DA:1653,0
DA:1654,0
DA:1655,0
DA:1658,0
DA:1659,0
DA:1660,0
DA:1661,0
DA:1662,0
DA:1663,0
DA:1666,0
DA:1668,0
DA:1672,0
DA:1678,0
DA:1679,0
DA:1688,0
DA:1690,0
DA:1694,0
DA:1695,0
DA:1696,0
DA:1697,0
DA:1698,0
DA:1701,0
DA:1702,0
DA:1703,0
DA:1704,0
DA:1705,0
DA:1713,0
DA:1720,0
DA:1721,0
DA:1722,0
DA:1725,0
DA:1726,0
DA:1727,0
DA:1728,0
DA:1729,0
DA:1731,0
DA:1733,0
DA:1734,0
DA:1736,0
DA:1739,0
DA:1740,0
DA:1742,0
DA:1744,0
DA:1745,0
DA:1747,0
DA:1750,0
DA:1751,0
DA:1752,0
DA:1758,0
DA:1763,0
DA:1767,0
DA:1768,0
DA:1770,0
DA:1771,0
DA:1772,0
DA:1773,0
DA:1775,0
DA:1777,0
DA:1779,0
DA:1780,0
DA:1782,0
DA:1785,0
DA:1786,0
DA:1789,0
DA:1790,0
DA:1792,0
DA:1793,0
DA:1794,0
DA:1795,0
DA:1796,0
DA:1797,0
DA:1799,0
DA:1800,0
DA:1802,0
DA:1803,0
DA:1804,0
DA:1805,0
DA:1808,0
DA:1809,0
DA:1810,0
DA:1812,0
DA:1813,0
DA:1814,0
DA:1816,0
DA:1817,0
DA:1818,0
DA:1819,0
DA:1821,0
DA:1822,0
DA:1823,0
DA:1824,0
DA:1825,0
DA:1833,0
DA:1838,0
DA:1839,0
DA:1841,0
DA:1842,0
DA:1843,0
DA:1846,0
DA:1847,0
DA:1848,0
DA:1850,0
DA:1851,0
DA:1852,0
DA:1853,0
DA:1855,0
DA:1856,0
DA:1858,0
DA:1859,0
DA:1861,0
DA:1863,0
DA:1864,0
DA:1865,0
LF:755
LH:45
end_of_record
TN:
SF:/u/data/u93/mbmccorm/cs490st/project03/gnupg-1.0.5/g10/mainproc.c
FN:88,release_list
FN:110,add_onepass_sig
FN:137,add_gpg_control
FN:180,add_user_id
FN:191,add_subkey
FN:202,add_ring_trust
FN:214,add_signature
FN:242,proc_symkey_enc
FN:257,proc_pubkey_enc
FN:346,print_pkenc_list
FN:397,proc_encrypted
FN:452,proc_plaintext
FN:550,proc_compressed_cb
FN:557,proc_encrypt_cb
FN:563,proc_compressed
FN:586,do_check_sig
FN:655,print_userid
FN:673,print_fingerprint
FN:710,print_notation_data
FN:758,list_node
FN:1001,proc_packets
FN:1015,proc_signature_packets
FN:1031,proc_encryption_packets
FN:1045,do_proc_packets
FN:1186,check_sig_and_print
FN:1368,proc_tree
FNDA:6,release_list
FNDA:0,add_onepass_sig
FNDA:0,add_gpg_control
FNDA:0,add_user_id
FNDA:0,add_subkey
FNDA:0,add_ring_trust
FNDA:0,add_signature
FNDA:0,proc_symkey_enc
FNDA:0,proc_pubkey_enc
FNDA:0,print_pkenc_list
FNDA:0,proc_encrypted
FNDA:0,proc_plaintext
FNDA:0,proc_compressed_cb
FNDA:0,proc_encrypt_cb
FNDA:0,proc_compressed
FNDA:0,do_check_sig
FNDA:0,print_userid
FNDA:0,print_fingerprint
FNDA:0,print_notation_data
FNDA:0,list_node
FNDA:381,proc_packets
FNDA:0,proc_signature_packets
FNDA:0,proc_encryption_packets
FNDA:381,do_proc_packets
FNDA:0,check_sig_and_print
FNDA:0,proc_tree
FNF:26
FNH:3
DA:88,6
DA:90,6
DA:91,6
DA:92,0
DA:93,0
DA:94,0
DA:95,0
DA:96,0
DA:97,0
DA:99,0
DA:100,0
DA:101,0
DA:102,0
DA:103,0
DA:104,0
DA:105,0
DA:110,0
DA:114,0
DA:117,0
DA:118,0
DA:120,0
DA:123,0
DA:124,0
DA:127,0
DA:130,0
DA:132,0
DA:137,0
DA:139,0
DA:142,0
DA:144,0
DA:146,0
DA:147,0
DA:148,0
DA:150,0
DA:151,0
DA:152,0
DA:154,0
DA:156,0
DA:158,0
DA:159,0
DA:160,0
DA:162,0
DA:165,0
DA:166,0
DA:169,0
DA:170,0
DA:172,0
DA:174,0
DA:180,0
DA:182,0
DA:184,0
DA:186,0
DA:187,0
DA:191,0
DA:193,0
DA:195,0
DA:197,0
DA:198,0
DA:202,0
DA:204,0
DA:206,0
DA:208,0
DA:209,0
DA:214,0
DA:218,0
DA:225,0
DA:226,0
DA:227,0
DA:229,0
DA:230,0
DA:231,0
DA:232,0
DA:235,0
DA:236,0
DA:237,0
DA:242,0
DA:246,0
DA:247,0
DA:250,0
DA:251,0
DA:253,0
DA:254,0
DA:257,0
DA:260,0
DA:263,0
DA:264,0
DA:268,0
DA:271,0
DA:273,0
DA:274,0
DA:275,0
DA:278,0
DA:282,0
DA:283,0
DA:284,0
DA:285,0
DA:288,0
DA:289,0
DA:290,0
DA:291,0
DA:292,0
DA:293,0
DA:294,0
DA:296,0
DA:297,0
DA:299,0
DA:304,0
DA:307,0
DA:309,0
DA:312,0
DA:313,0
DA:315,0
DA:317,0
DA:318,0
DA:319,0
DA:320,0
DA:322,0
DA:327,0
DA:328,0
DA:329,0
DA:330,0
DA:331,0
DA:332,0
DA:333,0
DA:336,0
DA:337,0
DA:346,0
DA:348,0
DA:352,0
DA:353,0
DA:354,0
DA:355,0
DA:357,0
DA:358,0
DA:360,0
DA:361,0
DA:362,0
DA:363,0
DA:369,0
DA:370,0
DA:371,0
DA:372,0
DA:373,0
DA:379,0
DA:381,0
DA:382,0
DA:384,0
DA:385,0
DA:386,0
DA:389,0
DA:393,0
DA:397,0
DA:399,0
DA:401,0
DA:402,0
DA:404,0
DA:407,0
DA:408,0
DA:409,0
DA:413,0
DA:414,0
DA:415,0
DA:416,0
DA:419,0
DA:420,0
DA:421,0
DA:422,0
DA:424,0
DA:425,0
DA:427,0
DA:428,0
DA:429,0
DA:431,0
DA:432,0
DA:434,0
DA:436,0
DA:439,0
DA:444,0
DA:445,0
DA:446,0
DA:447,0
DA:452,0
DA:454,0
DA:458,0
DA:460,0
DA:462,0
DA:463,0
DA:470,0
DA:471,0
DA:472,0
DA:473,0
DA:474,0
DA:475,0
DA:477,0
DA:479,0
DA:480,0
DA:482,0
DA:483,0
DA:485,0
DA:486,0
DA:488,0
DA:489,0
DA:492,0
DA:493,0
DA:496,0
DA:497,0
DA:498,0
DA:499,0
DA:500,0
DA:504,0
DA:506,0
DA:507,0
DA:508,0
DA:510,0
DA:516,0
DA:518,0
DA:519,0
DA:520,0
DA:521,0
DA:523,0
DA:524,0
DA:526,0
DA:527,0
DA:530,0
DA:535,0
DA:536,0
DA:541,0
DA:542,0
DA:543,0
DA:545,0
DA:546,0
DA:550,0
DA:552,0
DA:553,0
DA:557,0
DA:559,0
DA:563,0
DA:565,0
DA:569,0
DA:570,0
DA:571,0
DA:572,0
DA:574,0
DA:577,0
DA:578,0
DA:579,0
DA:586,0
DA:589,0
DA:592,0
DA:593,0
DA:594,0
DA:595,0
DA:597,0
DA:598,0
DA:599,0
DA:601,0
DA:602,0
DA:603,0
DA:605,0
DA:607,0
DA:610,0
DA:611,0
DA:612,0
DA:613,0
DA:617,0
DA:618,0
DA:621,0
DA:622,0
DA:623,0
DA:624,0
DA:625,0
DA:626,0
DA:627,0
DA:628,0
DA:629,0
DA:631,0
DA:634,0
DA:639,0
DA:643,0
DA:644,0
DA:645,0
DA:646,0
DA:647,0
DA:648,0
DA:650,0
DA:655,0
DA:657,0
DA:658,0
DA:659,0
DA:660,0
DA:661,0
DA:663,0
DA:664,0
DA:665,0
DA:667,0
DA:668,0
DA:673,0
DA:678,0
DA:679,0
DA:681,0
DA:682,0
DA:683,0
DA:684,0
DA:685,0
DA:686,0
DA:687,0
DA:690,0
DA:691,0
DA:692,0
DA:693,0
DA:694,0
DA:695,0
DA:699,0
DA:700,0
DA:701,0
DA:702,0
DA:706,0
DA:707,0
DA:710,0
DA:714,0
DA:716,0
DA:718,0
DA:720,0
DA:722,0
DA:723,0
DA:724,0
DA:725,0
DA:726,0
DA:727,0
DA:729,0
DA:732,0
DA:733,0
DA:734,0
DA:735,0
DA:736,0
DA:737,0
DA:739,0
DA:741,0
DA:742,0
DA:743,0
DA:758,0
DA:760,0
DA:763,0
DA:765,0
DA:766,0
DA:767,0
DA:769,0
DA:771,0
DA:772,0
DA:773,0
DA:774,0
DA:775,0
DA:777,0
DA:778,0
DA:779,0
DA:780,0
DA:782,0
DA:783,0
DA:786,0
DA:787,0
DA:788,0
DA:789,0
DA:790,0
DA:791,0
DA:792,0
DA:793,0
DA:794,0
DA:795,0
DA:796,0
DA:797,0
DA:801,0
DA:804,0
DA:805,0
DA:808,0
DA:810,0
DA:811,0
DA:812,0
DA:813,0
DA:814,0
DA:816,0
DA:817,0
DA:819,0
DA:821,0
DA:822,0
DA:823,0
DA:824,0
DA:826,0
DA:828,0
DA:829,0
DA:830,0
DA:831,0
DA:832,0
DA:833,0
DA:834,0
DA:835,0
DA:836,0
DA:837,0
DA:839,0
DA:841,0
DA:842,0
DA:843,0
DA:844,0
DA:846,0
DA:850,0
DA:851,0
DA:854,0
DA:855,0
DA:856,0
DA:857,0
DA:859,0
DA:860,0
DA:861,0
DA:863,0
DA:865,0
DA:866,0
DA:869,0
DA:870,0
DA:876,0
DA:879,0
DA:880,0
DA:882,0
DA:884,0
DA:885,0
DA:886,0
DA:887,0
DA:888,0
DA:890,0
DA:891,0
DA:893,0
DA:895,0
DA:896,0
DA:897,0
DA:898,0
DA:900,0
DA:902,0
DA:903,0
DA:904,0
DA:905,0
DA:906,0
DA:907,0
DA:908,0
DA:910,0
DA:911,0
DA:912,0
DA:913,0
DA:915,0
DA:919,0
DA:920,0
DA:921,0
DA:922,0
DA:924,0
DA:925,0
DA:926,0
DA:927,0
DA:930,0
DA:932,0
DA:933,0
DA:935,0
DA:936,0
DA:938,0
DA:939,0
DA:940,0
DA:941,0
DA:942,0
DA:943,0
DA:945,0
DA:946,0
DA:952,0
DA:953,0
DA:954,0
DA:955,0
DA:957,0
DA:959,0
DA:960,0
DA:963,0
DA:964,0
DA:965,0
DA:966,0
DA:967,0
DA:968,0
DA:969,0
DA:972,0
DA:973,0
DA:974,0
DA:975,0
DA:976,0
DA:978,0
DA:979,0
DA:980,0
DA:981,0
DA:982,0
DA:983,0
DA:985,0
DA:986,0
DA:987,0
DA:988,0
DA:990,0
DA:991,0
DA:992,0
DA:1001,381
DA:1004,381
DA:1006,381
DA:1007,381
DA:1008,6
DA:1009,6
DA:1015,0
DA:1018,0
DA:1021,0
DA:1022,0
DA:1023,0
DA:1024,0
DA:1025,0
DA:1026,0
DA:1027,0
DA:1031,0
DA:1033,0
DA:1036,0
DA:1037,0
DA:1038,0
DA:1039,0
DA:1040,0
DA:1045,381
DA:1047,381
DA:1048,381
DA:1049,381
DA:1052,381
DA:1053,381
DA:1054,762
DA:1055,2
DA:1056,2
DA:1057,2
DA:1060,2
DA:1061,2
DA:1062,0
DA:1064,0
DA:1065,0
DA:1066,0
DA:1067,0
DA:1068,0
DA:1070,0
DA:1071,0
DA:1072,0
DA:1075,0
DA:1076,0
DA:1084,0
DA:1085,0
DA:1086,0
DA:1087,0
DA:1088,0
DA:1089,0
DA:1090,0
DA:1091,0
DA:1092,0
DA:1095,0
DA:1096,0
DA:1100,0
DA:1101,0
DA:1102,0
DA:1103,0
DA:1104,0
DA:1105,0
DA:1107,0
DA:1108,0
DA:1109,0
DA:1110,0
DA:1111,0
DA:1112,0
DA:1116,0
DA:1119,0
DA:1120,0
DA:1121,0
DA:1122,0
DA:1125,0
DA:1126,0
DA:1127,0
DA:1128,0
DA:1129,0
DA:1130,0
DA:1132,0
DA:1133,0
DA:1134,0
DA:1135,0
DA:1136,0
DA:1137,0
DA:1138,0
DA:1149,0
DA:1150,0
DA:1152,0
DA:1154,0
DA:1155,0
DA:1156,0
DA:1159,0
DA:1160,0
DA:1163,0
DA:1164,0
DA:1167,6
DA:1168,2
DA:1169,6
DA:1170,2
DA:1171,4
DA:1172,4
DA:1176,6
DA:1177,6
DA:1178,6
DA:1179,6
DA:1180,6
DA:1181,6
DA:1186,0
DA:1188,0
DA:1192,0
DA:1194,0
DA:1217,0
DA:1219,0
DA:1220,0
DA:1221,0
DA:1223,0
DA:1226,0
DA:1227,0
DA:1228,0
DA:1229,0
DA:1230,0
DA:1232,0
DA:1234,0
DA:1236,0
DA:1238,0
DA:1239,0
DA:1240,0
DA:1241,0
DA:1242,0
DA:1246,0
DA:1254,0
DA:1255,0
DA:1259,0
DA:1260,0
DA:1261,0
DA:1262,0
DA:1264,0
DA:1267,0
DA:1269,0
DA:1271,0
DA:1272,0
DA:1273,0
DA:1276,0
DA:1277,0
DA:1278,0
DA:1279,0
DA:1280,0
DA:1281,0
DA:1282,0
DA:1286,0
DA:1287,0
DA:1288,0
DA:1289,0
DA:1291,0
DA:1294,0
DA:1299,0
DA:1300,0
DA:1301,0
DA:1302,0
DA:1303,0
DA:1304,0
DA:1305,0
DA:1306,0
DA:1309,0
DA:1310,0
DA:1311,0
DA:1314,0
DA:1315,0
DA:1316,0
DA:1318,0
DA:1320,0
DA:1322,0
DA:1327,0
DA:1328,0
DA:1329,0
DA:1330,0
DA:1331,0
DA:1333,0
DA:1334,0
DA:1336,0
DA:1339,0
DA:1340,0
DA:1341,0
DA:1342,0
DA:1343,0
DA:1344,0
DA:1348,0
DA:1349,0
DA:1350,0
DA:1351,0
DA:1352,0
DA:1353,0
DA:1354,0
DA:1355,0
DA:1360,0
DA:1368,0
DA:1373,0
DA:1374,0
DA:1379,0
DA:1380,0
DA:1381,0
DA:1383,0
DA:1385,0
DA:1386,0
DA:1388,0
DA:1389,0
DA:1390,0
DA:1391,0
DA:1392,0
DA:1393,0
DA:1395,0
DA:1396,0
DA:1397,0
DA:1399,0
DA:1401,0
DA:1402,0
DA:1404,0
DA:1407,0
DA:1408,0
DA:1411,0
DA:1412,0
DA:1414,0
DA:1417,0
DA:1419,0
DA:1421,0
DA:1423,0
DA:1426,0
DA:1428,0
DA:1431,0
DA:1432,0
DA:1434,0
DA:1435,0
DA:1438,0
DA:1440,0
DA:1442,0
DA:1444,0
DA:1447,0
DA:1448,0
DA:1450,0
DA:1451,0
DA:1453,0
DA:1456,0
DA:1458,0
DA:1459,0
DA:1460,0
DA:1462,0
DA:1463,0
DA:1465,0
DA:1467,0
DA:1468,0
DA:1469,0
DA:1472,0
DA:1484,0
DA:1485,0
DA:1486,0
DA:1487,0
DA:1489,0
DA:1490,0
DA:1492,0
DA:1495,0
DA:1497,0
DA:1499,0
DA:1501,0
DA:1504,0
DA:1506,0
DA:1508,0
DA:1513,0
DA:1514,0
DA:1517,0
DA:1519,0
LF:770
LH:33
end_of_record
TN:
SF:/u/data/u93/mbmccorm/cs490st/project03/gnupg-1.0.5/g10/textfilter.c
FN:47,len_without_trailing_chars
FN:65,len_without_trailing_ws
FN:74,standard
FN:122,text_filter
FN:150,copy_clearsig_text
FNDA:0,len_without_trailing_chars
FNDA:0,len_without_trailing_ws
FNDA:0,standard
FNDA:0,text_filter
FNDA:0,copy_clearsig_text
FNF:5
FNH:0
DA:47,0
DA:52,0
DA:53,0
DA:54,0
DA:55,0
DA:58,0
DA:61,0
DA:65,0
DA:67,0
DA:74,0
DA:77,0
DA:78,0
DA:81,0
DA:82,0
DA:83,0
DA:86,0
DA:87,0
DA:88,0
DA:89,0
DA:92,0
DA:93,0
DA:94,0
DA:96,0
DA:97,0
DA:98,0
DA:99,0
DA:100,0
DA:101,0
DA:103,0
DA:104,0
DA:105,0
DA:106,0
DA:107,0
DA:110,0
DA:111,0
DA:122,0
DA:125,0
DA:126,0
DA:127,0
DA:129,0
DA:130,0
DA:132,0
DA:133,0
DA:136,0
DA:137,0
DA:139,0
DA:140,0
DA:141,0
DA:150,0
DA:154,0
DA:157,0
DA:158,0
DA:160,0
DA:161,0
DA:163,0
DA:164,0
DA:167,0
DA:168,0
DA:169,0
DA:170,0
DA:172,0
DA:176,0
DA:177,0
DA:178,0
DA:179,0
DA:181,0
DA:182,0
DA:186,0
DA:187,0
DA:190,0
DA:191,0
DA:192,0
DA:193,0
DA:219,0
DA:221,0
DA:224,0
DA:225,0
DA:226,0
DA:227,0
DA:233,0
LF:80
LH:0
end_of_record
TN:
SF:/u/data/u93/mbmccorm/cs490st/project03/gnupg-1.0.5/g10/keyedit.c
FN:86,get_keyblock_byname
FN:114,print_and_check_one_sig
FN:177,check_all_keysigs
FN:245,sign_mk_attrib
FN:268,sign_uids
FN:407,change_passphrase
FN:521,fix_keyblock
FN:564,keyedit_menu
FN:1023,show_prefs
FN:1111,show_key_with_all_names
FN:1209,show_key_and_fingerprint
FN:1236,show_fingerprint
FN:1268,menu_adduid
FN:1350,menu_deluid
FN:1395,menu_delsig
FN:1462,menu_delkey
FN:1509,menu_expire
FN:1638,menu_select_uid
FN:1683,menu_select_key
FN:1728,count_uids_with_flag
FN:1740,count_keys_with_flag
FN:1754,count_uids
FN:1770,count_selected_uids
FN:1776,count_selected_keys
FN:1786,ask_revoke_sig
FN:1816,menu_revsig
FN:1951,menu_revkey
FN:2013,enable_disable_key
FNDA:0,get_keyblock_byname
FNDA:0,print_and_check_one_sig
FNDA:0,check_all_keysigs
FNDA:0,sign_mk_attrib
FNDA:0,sign_uids
FNDA:0,change_passphrase
FNDA:0,fix_keyblock
FNDA:0,keyedit_menu
FNDA:0,show_prefs
FNDA:0,show_key_with_all_names
FNDA:0,show_key_and_fingerprint
FNDA:0,show_fingerprint
FNDA:0,menu_adduid
FNDA:0,menu_deluid
FNDA:0,menu_delsig
FNDA:0,menu_delkey
FNDA:0,menu_expire
FNDA:0,menu_select_uid
FNDA:0,menu_select_key
FNDA:0,count_uids_with_flag
FNDA:0,count_keys_with_flag
FNDA:0,count_uids
FNDA:0,count_selected_uids
FNDA:0,count_selected_keys
FNDA:0,ask_revoke_sig
FNDA:0,menu_revsig
FNDA:0,menu_revkey
FNDA:0,enable_disable_key
FNF:28
FNH:0
DA:86,0
DA:90,0
DA:92,0
DA:93,0
DA:95,0
DA:99,0
DA:100,0
DA:103,0
DA:105,0
DA:114,0
DA:118,0
DA:120,0
DA:122,0
DA:124,0
DA:125,0
DA:126,0
DA:128,0
DA:129,0
DA:130,0
DA:131,0
DA:132,0
DA:135,0
DA:136,0
DA:137,0
DA:138,0
DA:139,0
DA:141,0
DA:142,0
DA:143,0
DA:144,0
DA:145,0
DA:147,0
DA:148,0
DA:151,0
DA:152,0
DA:153,0
DA:155,0
DA:156,0
DA:161,0
DA:162,0
DA:163,0
DA:165,0
DA:167,0
DA:177,0
DA:181,0
DA:182,0
DA:183,0
DA:184,0
DA:185,0
DA:186,0
DA:187,0
DA:189,0
DA:190,0
DA:191,0
DA:193,0
DA:194,0
DA:195,0
DA:196,0
DA:197,0
DA:198,0
DA:199,0
DA:200,0
DA:201,0
DA:202,0
DA:205,0
DA:206,0
DA:207,0
DA:210,0
DA:212,0
DA:213,0
DA:218,0
DA:219,0
DA:220,0
DA:221,0
DA:222,0
DA:223,0
DA:224,0
DA:225,0
DA:226,0
DA:227,0
DA:228,0
DA:229,0
DA:230,0
DA:231,0
DA:232,0
DA:233,0
DA:234,0
DA:235,0
DA:238,0
DA:245,0
DA:247,0
DA:250,0
DA:251,0
DA:252,0
DA:254,0
DA:255,0
DA:257,0
DA:268,0
DA:270,0
DA:271,0
DA:272,0
DA:273,0
DA:275,0
DA:276,0
DA:277,0
DA:280,0
DA:281,0
DA:282,0
DA:285,0
DA:294,0
DA:295,0
DA:296,0
DA:297,0
DA:299,0
DA:300,0
DA:301,0
DA:303,0
DA:306,0
DA:307,0
DA:308,0
DA:309,0
DA:311,0
DA:312,0
DA:313,0
DA:314,0
DA:317,0
DA:318,0
DA:319,0
DA:324,0
DA:325,0
DA:326,0
DA:327,0
DA:330,0
DA:331,0
DA:332,0
DA:333,0
DA:336,0
DA:337,0
DA:338,0
DA:339,0
DA:341,0
DA:342,0
DA:343,0
DA:346,0
DA:348,0
DA:349,0
DA:352,0
DA:353,0
DA:354,0
DA:355,0
DA:356,0
DA:357,0
DA:362,0
DA:363,0
DA:364,0
DA:365,0
DA:366,0
DA:367,0
DA:373,0
DA:375,0
DA:377,0
DA:378,0
DA:380,0
DA:381,0
DA:382,0
DA:383,0
DA:384,0
DA:388,0
DA:389,0
DA:394,0
DA:395,0
DA:396,0
DA:397,0
DA:407,0
DA:409,0
DA:410,0
DA:413,0
DA:414,0
DA:416,0
DA:417,0
DA:419,0
DA:421,0
DA:423,0
DA:425,0
DA:426,0
DA:428,0
DA:429,0
DA:431,0
DA:432,0
DA:433,0
DA:436,0
DA:437,0
DA:438,0
DA:439,0
DA:441,0
DA:445,0
DA:446,0
DA:447,0
DA:448,0
DA:449,0
DA:450,0
DA:451,0
DA:455,0
DA:456,0
DA:458,0
DA:459,0
DA:461,0
DA:463,0
DA:465,0
DA:466,0
DA:467,0
DA:468,0
DA:469,0
DA:471,0
DA:472,0
DA:473,0
DA:475,0
DA:476,0
DA:477,0
DA:478,0
DA:481,0
DA:482,0
DA:483,0
DA:484,0
DA:485,0
DA:487,0
DA:488,0
DA:489,0
DA:490,0
DA:491,0
DA:492,0
DA:495,0
DA:498,0
DA:499,0
DA:501,0
DA:502,0
DA:503,0
DA:507,0
DA:508,0
DA:509,0
DA:521,0
DA:524,0
DA:527,0
DA:528,0
DA:529,0
DA:532,0
DA:533,0
DA:534,0
DA:536,0
DA:537,0
DA:538,0
DA:541,0
DA:542,0
DA:543,0
DA:544,0
DA:545,0
DA:548,0
DA:549,0
DA:553,0
DA:564,0
DA:616,0
DA:617,0
DA:618,0
DA:620,0
DA:623,0
DA:624,0
DA:625,0
DA:626,0
DA:628,0
DA:630,0
DA:632,0
DA:634,0
DA:637,0
DA:638,0
DA:639,0
DA:640,0
DA:644,0
DA:646,0
DA:647,0
DA:648,0
DA:649,0
DA:652,0
DA:654,0
DA:655,0
DA:656,0
DA:661,0
DA:662,0
DA:663,0
DA:664,0
DA:665,0
DA:666,0
DA:667,0
DA:669,0
DA:671,0
DA:674,0
DA:675,0
DA:680,0
DA:681,0
DA:682,0
DA:683,0
DA:684,0
DA:687,0
DA:688,0
DA:689,0
DA:690,0
DA:691,0
DA:693,0
DA:694,0
DA:697,0
DA:699,0
DA:700,0
DA:701,0
DA:703,0
DA:704,0
DA:706,0
DA:707,0
DA:708,0
DA:709,0
DA:710,0
DA:711,0
DA:712,0
DA:713,0
DA:716,0
DA:717,0
DA:718,0
DA:719,0
DA:720,0
DA:723,0
DA:724,0
DA:725,0
DA:727,0
DA:728,0
DA:729,0
DA:730,0
DA:731,0
DA:733,0
DA:734,0
DA:735,0
DA:738,0
DA:740,0
DA:742,0
DA:743,0
DA:745,0
DA:747,0
DA:748,0
DA:750,0
DA:753,0
DA:754,0
DA:757,0
DA:758,0
DA:761,0
DA:762,0
DA:763,0
DA:766,0
DA:767,0
DA:768,0
DA:774,0
DA:775,0
DA:779,0
DA:780,0
DA:781,0
DA:782,0
DA:783,0
DA:786,0
DA:787,0
DA:788,0
DA:794,0
DA:797,0
DA:798,0
DA:801,0
DA:802,0
DA:803,0
DA:804,0
DA:807,0
DA:808,0
DA:809,0
DA:812,0
DA:813,0
DA:816,0
DA:819,0
DA:824,0
DA:825,0
DA:826,0
DA:827,0
DA:828,0
DA:833,0
DA:834,0
DA:835,0
DA:836,0
DA:837,0
DA:840,0
DA:845,0
DA:846,0
DA:847,0
DA:850,0
DA:853,0
DA:856,0
DA:857,0
DA:858,0
DA:860,0
DA:866,0
DA:867,0
DA:868,0
DA:876,0
DA:877,0
DA:878,0
DA:879,0
DA:880,0
DA:883,0
DA:888,0
DA:889,0
DA:890,0
DA:898,0
DA:899,0
DA:902,0
DA:905,0
DA:908,0
DA:909,0
DA:910,0
DA:911,0
DA:912,0
DA:913,0
DA:915,0
DA:918,0
DA:919,0
DA:920,0
DA:923,0
DA:924,0
DA:925,0
DA:926,0
DA:927,0
DA:930,0
DA:933,0
DA:934,0
DA:937,0
DA:938,0
DA:941,0
DA:944,0
DA:945,0
DA:946,0
DA:948,0
DA:952,0
DA:953,0
DA:954,0
DA:956,0
DA:959,0
DA:960,0
DA:961,0
DA:962,0
DA:963,0
DA:964,0
DA:965,0
DA:966,0
DA:967,0
DA:969,0
DA:974,0
DA:975,0
DA:976,0
DA:977,0
DA:979,0
DA:982,0
DA:983,0
DA:984,0
DA:987,0
DA:992,0
DA:995,0
DA:996,0
DA:998,0
DA:1002,0
DA:1006,0
DA:1007,0
DA:1008,0
DA:1010,0
DA:1013,0
DA:1014,0
DA:1015,0
DA:1016,0
DA:1023,0
DA:1025,0
DA:1032,0
DA:1033,0
DA:1034,0
DA:1035,0
DA:1037,0
DA:1040,0
DA:1041,0
DA:1043,0
DA:1045,0
DA:1046,0
DA:1047,0
DA:1049,0
DA:1050,0
DA:1052,0
DA:1053,0
DA:1054,0
DA:1055,0
DA:1057,0
DA:1058,0
DA:1059,0
DA:1061,0
DA:1062,0
DA:1064,0
DA:1065,0
DA:1066,0
DA:1069,0
DA:1070,0
DA:1071,0
DA:1072,0
DA:1074,0
DA:1075,0
DA:1076,0
DA:1077,0
DA:1079,0
DA:1080,0
DA:1081,0
DA:1083,0
DA:1084,0
DA:1086,0
DA:1089,0
DA:1092,0
DA:1093,0
DA:1094,0
DA:1095,0
DA:1096,0
DA:1097,0
DA:1099,0
DA:1102,0
DA:1111,0
DA:1118,0
DA:1119,0
DA:1120,0
DA:1121,0
DA:1122,0
DA:1124,0
DA:1127,0
DA:1128,0
DA:1131,0
DA:1132,0
DA:1133,0
DA:1135,0
DA:1136,0
DA:1139,0
DA:1140,0
DA:1141,0
DA:1142,0
DA:1143,0
DA:1144,0
DA:1147,0
DA:1148,0
DA:1149,0
DA:1152,0
DA:1154,0
DA:1155,0
DA:1156,0
DA:1157,0
DA:1158,0
DA:1159,0
DA:1161,0
DA:1162,0
DA:1165,0
DA:1167,0
DA:1168,0
DA:1169,0
DA:1171,0
DA:1172,0
DA:1173,0
DA:1175,0
DA:1176,0
DA:1177,0
DA:1178,0
DA:1183,0
DA:1184,0
DA:1185,0
DA:1186,0
DA:1187,0
DA:1188,0
DA:1189,0
DA:1190,0
DA:1191,0
DA:1192,0
DA:1193,0
DA:1194,0
DA:1196,0
DA:1197,0
DA:1198,0
DA:1199,0
DA:1200,0
DA:1201,0
DA:1202,0
DA:1206,0
DA:1209,0
DA:1212,0
DA:1214,0
DA:1215,0
DA:1216,0
DA:1217,0
DA:1219,0
DA:1220,0
DA:1223,0
DA:1224,0
DA:1225,0
DA:1226,0
DA:1229,0
DA:1230,0
DA:1231,0
DA:1232,0
DA:1236,0
DA:1241,0
DA:1242,0
DA:1243,0
DA:1244,0
DA:1245,0
DA:1246,0
DA:1247,0
DA:1248,0
DA:1252,0
DA:1253,0
DA:1254,0
DA:1255,0
DA:1258,0
DA:1259,0
DA:1268,0
DA:1271,0
DA:1272,0
DA:1273,0
DA:1276,0
DA:1279,0
DA:1280,0
DA:1281,0
DA:1283,0
DA:1284,0
DA:1285,0
DA:1286,0
DA:1287,0
DA:1289,0
DA:1290,0
DA:1291,0
DA:1292,0
DA:1293,0
DA:1294,0
DA:1295,0
DA:1297,0
DA:1298,0
DA:1299,0
DA:1301,0
DA:1303,0
DA:1304,0
DA:1306,0
DA:1307,0
DA:1311,0
DA:1312,0
DA:1313,0
DA:1314,0
DA:1315,0
DA:1316,0
DA:1318,0
DA:1319,0
DA:1320,0
DA:1321,0
DA:1322,0
DA:1323,0
DA:1325,0
DA:1327,0
DA:1328,0
DA:1329,0
DA:1330,0
DA:1331,0
DA:1332,0
DA:1334,0
DA:1335,0
DA:1336,0
DA:1337,0
DA:1338,0
DA:1339,0
DA:1341,0
DA:1342,0
DA:1350,0
DA:1353,0
DA:1355,0
DA:1356,0
DA:1357,0
DA:1358,0
DA:1359,0
DA:1360,0
DA:1362,0
DA:1363,0
DA:1364,0
DA:1365,0
DA:1366,0
DA:1368,0
DA:1369,0
DA:1370,0
DA:1371,0
DA:1372,0
DA:1374,0
DA:1375,0
DA:1376,0
DA:1377,0
DA:1378,0
DA:1383,0
DA:1384,0
DA:1385,0
DA:1386,0
DA:1388,0
DA:1389,0
DA:1390,0
DA:1391,0
DA:1395,0
DA:1398,0
DA:1399,0
DA:1401,0
DA:1402,0
DA:1403,0
DA:1405,0
DA:1408,0
DA:1409,0
DA:1410,0
DA:1412,0
DA:1413,0
DA:1417,0
DA:1418,0
DA:1420,0
DA:1421,0
DA:1422,0
DA:1424,0
DA:1425,0
DA:1426,0
DA:1428,0
DA:1430,0
DA:1431,0
DA:1432,0
DA:1434,0
DA:1435,0
DA:1436,0
DA:1437,0
DA:1438,0
DA:1442,0
DA:1443,0
DA:1446,0
DA:1447,0
DA:1448,0
DA:1452,0
DA:1454,0
DA:1462,0
DA:1465,0
DA:1467,0
DA:1468,0
DA:1469,0
DA:1470,0
DA:1471,0
DA:1472,0
DA:1474,0
DA:1477,0
DA:1478,0
DA:1479,0
DA:1482,0
DA:1483,0
DA:1484,0
DA:1485,0
DA:1487,0
DA:1488,0
DA:1489,0
DA:1491,0
DA:1496,0
DA:1497,0
DA:1499,0
DA:1501,0
DA:1502,0
DA:1503,0
DA:1504,0
DA:1509,0
DA:1513,0
DA:1520,0
DA:1521,0
DA:1522,0
DA:1525,0
DA:1526,0
DA:1527,0
DA:1528,0
DA:1530,0
DA:1531,0
DA:1533,0
DA:1534,0
DA:1537,0
DA:1538,0
DA:1539,0
DA:1542,0
DA:1543,0
DA:1544,0
DA:1545,0
DA:1546,0
DA:1547,0
DA:1548,0
DA:1549,0
DA:1551,0
DA:1552,0
DA:1553,0
DA:1554,0
DA:1556,0
DA:1557,0
DA:1558,0
DA:1559,0
DA:1560,0
DA:1561,0
DA:1562,0
DA:1563,0
DA:1568,0
DA:1570,0
DA:1572,0
DA:1573,0
DA:1576,0
DA:1577,0
DA:1581,0
DA:1582,0
DA:1583,0
DA:1584,0
DA:1585,0
DA:1586,0
DA:1587,0
DA:1594,0
DA:1595,0
DA:1599,0
DA:1602,0
DA:1605,0
DA:1606,0
DA:1609,0
DA:1610,0
DA:1611,0
DA:1612,0
DA:1613,0
DA:1614,0
DA:1615,0
DA:1616,0
DA:1617,0
DA:1618,0
DA:1619,0
DA:1620,0
DA:1621,0
DA:1623,0
DA:1628,0
DA:1629,0
DA:1638,0
DA:1644,0
DA:1645,0
DA:1646,0
DA:1647,0
DA:1648,0
DA:1651,0
DA:1652,0
DA:1653,0
DA:1657,0
DA:1658,0
DA:1659,0
DA:1661,0
DA:1664,0
DA:1665,0
DA:1666,0
DA:1667,0
DA:1668,0
DA:1670,0
DA:1675,0
DA:1683,0
DA:1689,0
DA:1690,0
DA:1691,0
DA:1692,0
DA:1693,0
DA:1694,0
DA:1697,0
DA:1698,0
DA:1699,0
DA:1703,0
DA:1704,0
DA:1705,0
DA:1706,0
DA:1708,0
DA:1711,0
DA:1712,0
DA:1713,0
DA:1714,0
DA:1715,0
DA:1716,0
DA:1718,0
DA:1723,0
DA:1728,0
DA:1731,0
DA:1733,0
DA:1734,0
DA:1735,0
DA:1736,0
DA:1740,0
DA:1743,0
DA:1745,0
DA:1746,0
DA:1747,0
DA:1748,0
DA:1749,0
DA:1750,0
DA:1754,0
DA:1757,0
DA:1759,0
DA:1760,0
DA:1761,0
DA:1762,0
DA:1770,0
DA:1772,0
DA:1776,0
DA:1778,0
DA:1786,0
DA:1788,0
DA:1789,0
DA:1791,0
DA:1793,0
DA:1796,0
DA:1797,0
DA:1798,0
DA:1799,0
DA:1802,0
DA:1803,0
DA:1804,0
DA:1805,0
DA:1816,0
DA:1821,0
DA:1822,0
DA:1824,0
DA:1827,0
DA:1828,0
DA:1829,0
DA:1830,0
DA:1831,0
DA:1833,0
DA:1834,0
DA:1835,0
DA:1837,0
DA:1838,0
DA:1839,0
DA:1840,0
DA:1841,0
DA:1842,0
DA:1843,0
DA:1845,0
DA:1846,0
DA:1847,0
DA:1853,0
DA:1854,0
DA:1855,0
DA:1856,0
DA:1860,0
DA:1861,0
DA:1862,0
DA:1863,0
DA:1864,0
DA:1865,0
DA:1866,0
DA:1868,0
DA:1869,0
DA:1870,0
DA:1871,0
DA:1872,0
DA:1874,0
DA:1875,0
DA:1876,0
DA:1877,0
DA:1880,0
DA:1881,0
DA:1883,0
DA:1884,0
DA:1885,0
DA:1887,0
DA:1888,0
DA:1889,0
DA:1894,0
DA:1895,0
DA:1901,0
DA:1902,0
DA:1903,0
DA:1904,0
DA:1905,0
DA:1907,0
DA:1908,0
DA:1910,0
DA:1911,0
DA:1912,0
DA:1914,0
DA:1916,0
DA:1917,0
DA:1923,0
DA:1924,0
DA:1926,0
DA:1927,0
DA:1929,0
DA:1930,0
DA:1932,0
DA:1933,0
DA:1934,0
DA:1935,0
DA:1936,0
DA:1939,0
DA:1940,0
DA:1941,0
DA:1942,0
DA:1951,0
DA:1955,0
DA:1956,0
DA:1958,0
DA:1960,0
DA:1961,0
DA:1962,0
DA:1967,0
DA:1968,0
DA:1969,0
DA:1970,0
DA:1974,0
DA:1977,0
DA:1978,0
DA:1980,0
DA:1981,0
DA:1982,0
DA:1985,0
DA:1986,0
DA:1988,0
DA:1989,0
DA:1991,0
DA:1992,0
DA:1994,0
DA:1995,0
DA:1996,0
DA:1997,0
DA:1998,0
DA:2001,0
DA:2004,0
DA:2005,0
DA:2007,0
DA:2008,0
DA:2013,0
DA:2015,0
DA:2016,0
DA:2021,0
DA:2022,0
DA:2023,0
DA:2024,0
DA:2025,0
DA:2026,0
DA:2027,0
DA:2028,0
DA:2029,0
LF:1046
LH:0
end_of_record
TN:
SF:/u/data/u93/mbmccorm/cs490st/project03/gnupg-1.0.5/g10/helptext.c
FN:255,display_online_help
FNDA:0,display_online_help
FNF:1
FNH:0
DA:255,0
DA:258,0
DA:259,0
DA:260,0
DA:265,0
DA:267,0
DA:268,0
DA:270,0
DA:272,0
DA:273,0
LF:10
LH:0
end_of_record
TN:
SF:/u/data/u93/mbmccorm/cs490st/project03/gnupg-1.0.5/g10/status.c
FN:66,progress_cb
FN:78,get_status_string
FN:149,set_status_fd
FN:179,is_status_enabled
FN:185,write_status
FN:191,write_status_text
FN:219,write_status_buffer
FN:277,init_shm_coprocessing
FN:393,do_shm_get
FN:437,myread
FN:468,do_get_from_fd
FN:509,cpr_enabled
FN:521,cpr_get_no_help
FN:538,cpr_get
FN:561,cpr_get_utf8
FN:574,cpr_get_hidden
FN:596,cpr_kill_prompt
FN:609,cpr_get_answer_is_yes
FN:637,cpr_get_answer_yes_no_quit
FNDA:0,progress_cb
FNDA:0,get_status_string
FNDA:0,set_status_fd
FNDA:0,is_status_enabled
FNDA:0,write_status
FNDA:10,write_status_text
FNDA:0,write_status_buffer
FNDA:0,init_shm_coprocessing
FNDA:0,do_shm_get
FNDA:0,myread
FNDA:0,do_get_from_fd
FNDA:0,cpr_enabled
FNDA:0,cpr_get_no_help
FNDA:0,cpr_get
FNDA:0,cpr_get_utf8
FNDA:0,cpr_get_hidden
FNDA:0,cpr_kill_prompt
FNDA:0,cpr_get_answer_is_yes
FNDA:0,cpr_get_answer_yes_no_quit
FNF:19
FNH:1
DA:66,0
DA:70,0
DA:71,0
DA:73,0
DA:74,0
DA:75,0
DA:78,0
DA:82,0
DA:83,0
DA:84,0
DA:85,0
DA:86,0
DA:87,0
DA:88,0
DA:89,0
DA:90,0
DA:91,0
DA:92,0
DA:93,0
DA:94,0
DA:95,0
DA:96,0
DA:97,0
DA:98,0
DA:99,0
DA:100,0
DA:101,0
DA:102,0
DA:103,0
DA:104,0
DA:105,0
DA:106,0
DA:107,0
DA:108,0
DA:109,0
DA:110,0
DA:111,0
DA:112,0
DA:113,0
DA:114,0
DA:115,0
DA:116,0
DA:117,0
DA:118,0
DA:119,0
DA:120,0
DA:121,0
DA:122,0
DA:123,0
DA:124,0
DA:125,0
DA:126,0
DA:127,0
DA:128,0
DA:129,0
DA:130,0
DA:131,0
DA:132,0
DA:133,0
DA:134,0
DA:135,0
DA:136,0
DA:137,0
DA:138,0
DA:139,0
DA:140,0
DA:141,0
DA:142,0
DA:143,0
DA:145,0
DA:149,0
DA:153,0
DA:154,0
DA:156,0
DA:157,0
DA:158,0
DA:159,0
DA:160,0
DA:162,0
DA:163,0
DA:164,0
DA:165,0
DA:167,0
DA:168,0
DA:169,0
DA:170,0
DA:172,0
DA:173,0
DA:174,0
DA:175,0
DA:179,0
DA:181,0
DA:185,0
DA:187,0
DA:188,0
DA:191,10
DA:193,10
DA:194,10
DA:196,0
DA:197,0
DA:198,0
DA:199,0
DA:200,0
DA:201,0
DA:202,0
DA:203,0
DA:204,0
DA:206,0
DA:209,0
DA:210,0
DA:219,0
DA:225,0
DA:226,0
DA:228,0
DA:229,0
DA:231,0
DA:232,0
DA:233,0
DA:235,0
DA:236,0
DA:237,0
DA:238,0
DA:239,0
DA:240,0
DA:243,0
DA:244,0
DA:246,0
DA:247,0
DA:248,0
DA:249,0
DA:250,0
DA:252,0
DA:253,0
DA:254,0
DA:255,0
DA:256,0
DA:258,0
DA:259,0
DA:277,0
DA:285,0
DA:286,0
DA:287,0
DA:288,0
DA:290,0
DA:291,0
DA:292,0
DA:293,0
DA:340,0
DA:345,0
DA:349,0
DA:358,0
DA:359,0
DA:360,0
DA:361,0
DA:362,0
DA:363,0
DA:364,0
DA:365,0
DA:368,0
DA:369,0
DA:370,0
DA:371,0
DA:376,0
DA:377,0
DA:378,0
DA:383,0
DA:384,0
DA:385,0
DA:386,0
DA:393,0
DA:399,0
DA:400,0
DA:402,0
DA:403,0
DA:404,0
DA:405,0
DA:407,0
DA:408,0
DA:411,0
DA:412,0
DA:413,0
DA:414,0
DA:415,0
DA:416,0
DA:417,0
DA:418,0
DA:419,0
DA:420,0
DA:422,0
DA:423,0
DA:425,0
DA:426,0
DA:427,0
DA:428,0
DA:429,0
DA:431,0
DA:437,0
DA:441,0
DA:442,0
DA:443,0
DA:445,0
DA:446,0
DA:447,0
DA:448,0
DA:454,0
DA:458,0
DA:468,0
DA:473,0
DA:474,0
DA:476,0
DA:477,0
DA:478,0
DA:479,0
DA:480,0
DA:481,0
DA:482,0
DA:484,0
DA:487,0
DA:489,0
DA:491,0
DA:492,0
DA:493,0
DA:495,0
DA:496,0
DA:498,0
DA:500,0
DA:501,0
DA:503,0
DA:509,0
DA:511,0
DA:512,0
DA:514,0
DA:515,0
DA:517,0
DA:521,0
DA:525,0
DA:526,0
DA:528,0
DA:529,0
DA:532,0
DA:533,0
DA:538,0
DA:542,0
DA:543,0
DA:545,0
DA:546,0
DA:549,0
DA:550,0
DA:551,0
DA:552,0
DA:555,0
DA:556,0
DA:561,0
DA:564,0
DA:565,0
DA:566,0
DA:567,0
DA:568,0
DA:570,0
DA:574,0
DA:578,0
DA:579,0
DA:581,0
DA:582,0
DA:585,0
DA:586,0
DA:587,0
DA:588,0
DA:591,0
DA:592,0
DA:596,0
DA:598,0
DA:599,0
DA:601,0
DA:602,0
DA:604,0
DA:605,0
DA:609,0
DA:614,0
DA:615,0
DA:617,0
DA:618,0
DA:621,0
DA:622,0
DA:623,0
DA:624,0
DA:625,0
DA:628,0
DA:629,0
DA:630,0
DA:631,0
DA:633,0
DA:637,0
DA:642,0
DA:643,0
DA:645,0
DA:646,0
DA:649,0
DA:650,0
DA:651,0
DA:652,0
DA:653,0
DA:656,0
DA:657,0
DA:658,0
DA:659,0
DA:661,0
LF:307
LH:3
end_of_record
TN:
SF:/u/data/u93/mbmccorm/cs490st/project03/gnupg-1.0.5/g10/revoke.c
FN:48,revocation_reason_build_cb
FN:77,gen_revoke
FN:238,ask_revocation_reason
FN:347,release_revocation_reason_info
FNDA:0,revocation_reason_build_cb
FNDA:0,gen_revoke
FNDA:0,ask_revocation_reason
FNDA:0,release_revocation_reason_info
FNF:4
FNH:0
DA:48,0
DA:50,0
DA:51,0
DA:53,0
DA:55,0
DA:56,0
DA:57,0
DA:59,0
DA:60,0
DA:61,0
DA:62,0
DA:63,0
DA:66,0
DA:67,0
DA:68,0
DA:77,0
DA:79,0
DA:84,0
DA:85,0
DA:87,0
DA:88,0
DA:91,0
DA:93,0
DA:95,0
DA:99,0
DA:100,0
DA:101,0
DA:105,0
DA:106,0
DA:108,0
DA:112,0
DA:113,0
DA:115,0
DA:119,0
DA:120,0
DA:122,0
DA:123,0
DA:128,0
DA:129,0
DA:130,0
DA:132,0
DA:136,0
DA:137,0
DA:138,0
DA:139,0
DA:141,0
DA:142,0
DA:143,0
DA:145,0
DA:147,0
DA:149,0
DA:150,0
DA:153,0
DA:154,0
DA:155,0
DA:156,0
DA:157,0
DA:161,0
DA:162,0
DA:163,0
DA:164,0
DA:167,0
DA:170,0
DA:171,0
DA:173,0
DA:174,0
DA:176,0
DA:177,0
DA:179,0
DA:180,0
DA:183,0
DA:184,0
DA:186,0
DA:187,0
DA:189,0
DA:190,0
DA:191,0
DA:194,0
DA:197,0
DA:199,0
DA:201,0
DA:202,0
DA:203,0
DA:205,0
DA:206,0
DA:208,0
DA:212,0
DA:222,0
DA:223,0
DA:224,0
DA:225,0
DA:226,0
DA:227,0
DA:228,0
DA:230,0
DA:231,0
DA:232,0
DA:238,0
DA:241,0
DA:243,0
DA:244,0
DA:245,0
DA:246,0
DA:247,0
DA:250,0
DA:251,0
DA:253,0
DA:254,0
DA:255,0
DA:256,0
DA:257,0
DA:258,0
DA:259,0
DA:260,0
DA:261,0
DA:262,0
DA:263,0
DA:264,0
DA:266,0
DA:268,0
DA:269,0
DA:270,0
DA:271,0
DA:272,0
DA:273,0
DA:274,0
DA:275,0
DA:276,0
DA:277,0
DA:279,0
DA:280,0
DA:281,0
DA:282,0
DA:283,0
DA:284,0
DA:285,0
DA:287,0
DA:288,0
DA:289,0
DA:291,0
DA:292,0
DA:293,0
DA:295,0
DA:296,0
DA:297,0
DA:300,0
DA:303,0
DA:306,0
DA:307,0
DA:308,0
DA:309,0
DA:310,0
DA:315,0
DA:316,0
DA:317,0
DA:320,0
DA:321,0
DA:323,0
DA:324,0
DA:325,0
DA:326,0
DA:328,0
DA:329,0
DA:331,0
DA:332,0
DA:333,0
DA:335,0
DA:337,0
DA:338,0
DA:340,0
DA:341,0
DA:342,0
DA:343,0
DA:347,0
DA:349,0
DA:350,0
DA:351,0
DA:353,0
LF:178
LH:0
end_of_record
TN:
SF:/u/data/u93/mbmccorm/cs490st/project03/gnupg-1.0.5/g10/encr-data.c
FN:53,decrypt_data
FN:161,mdc_decode_filter
FN:235,decode_filter
FNDA:0,decrypt_data
FNDA:0,mdc_decode_filter
FNDA:0,decode_filter
FNF:3
FNH:0
DA:53,0
DA:57,0
DA:62,0
DA:63,0
DA:64,0
DA:70,0
DA:71,0
DA:72,0
DA:73,0
DA:74,0
DA:75,0
DA:76,0
DA:77,0
DA:79,0
DA:80,0
DA:81,0
DA:82,0
DA:84,0
DA:85,0
DA:88,0
DA:89,0
DA:92,0
DA:94,0
DA:96,0
DA:98,0
DA:101,0
DA:103,0
DA:104,0
DA:105,0
DA:106,0
DA:108,0
DA:112,0
DA:113,0
DA:114,0
DA:116,0
DA:118,0
DA:119,0
DA:120,0
DA:122,0
DA:123,0
DA:124,0
DA:127,0
DA:128,0
DA:130,0
DA:131,0
DA:133,0
DA:135,0
DA:136,0
DA:137,0
DA:138,0
DA:139,0
DA:140,0
DA:142,0
DA:143,0
DA:144,0
DA:145,0
DA:146,0
DA:152,0
DA:153,0
DA:154,0
DA:161,0
DA:164,0
DA:165,0
DA:166,0
DA:169,0
DA:170,0
DA:171,0
DA:173,0
DA:174,0
DA:175,0
DA:178,0
DA:179,0
DA:180,0
DA:181,0
DA:183,0
DA:186,0
DA:187,0
DA:188,0
DA:191,0
DA:194,0
DA:195,0
DA:196,0
DA:197,0
DA:201,0
DA:202,0
DA:203,0
DA:205,0
DA:207,0
DA:208,0
DA:209,0
DA:212,0
DA:213,0
DA:214,0
DA:215,0
DA:218,0
DA:219,0
DA:220,0
DA:223,0
DA:224,0
DA:226,0
DA:228,0
DA:229,0
DA:231,0
DA:235,0
DA:237,0
DA:238,0
DA:239,0
DA:241,0
DA:242,0
DA:243,0
DA:244,0
DA:245,0
DA:246,0
DA:248,0
DA:249,0
DA:251,0
DA:252,0
DA:254,0
LF:118
LH:0
end_of_record
TN:
SF:/u/data/u93/mbmccorm/cs490st/project03/gnupg-1.0.5/g10/trustdb.c
FN:164,read_record
FN:179,write_record
FN:193,delete_record
FN:207,do_sync
FN:224,new_lid_table
FN:262,clear_lid_table
FN:282,ins_lid_table_item
FN:302,qry_lid_table_flag
FN:317,new_tn
FN:335,release_tn
FN:346,release_tn_tree
FN:368,keyid_from_lid
FN:406,lid_from_keyblock
FN:424,get_dir_record
FN:440,lid_from_keyid_no_sdir
FN:468,register_trusted_key
FN:490,add_ultimate_key
FN:528,verify_own_keys
FN:623,setup_trustdb
FN:634,init_trustdb
FN:676,sync_trustdb
FN:688,print_user_id
FN:715,trust_letter
FN:772,print_default_uid
FN:782,print_uid_from_keyblock
FN:810,dump_tn_tree
FN:864,dump_tn_tree_with_colons
FN:904,create_shadow_dir
FN:930,find_or_create_lid
FN:950,check_keybinding
FN:1041,make_key_records
FN:1098,check_uidsigs
FN:1193,check_sig_record
FN:1288,make_sig_records
FN:1386,make_pref_record
FN:1448,make_uid_records
FN:1520,update_trust_record
FN:1547,do_update_trust_record
FN:1624,insert_trust_record
FN:1702,insert_trust_record_by_pk
FN:1735,check_trust_record
FN:1760,update_trustdb
FN:1828,check_trustdb
FN:1901,build_cert_tree
FN:2019,upd_one_ownertrust
FN:2046,propagate_ownertrust
FN:2073,propagate_validity
FN:2155,verify_key
FN:2220,do_check
FN:2280,update_ownertrust
FN:2297,clear_trust_checked_flag
FN:2339,query_trust_record
FN:2367,check_trust
FN:2480,mark_fresh_keys
FN:2521,query_trust_info
FN:2545,get_ownertrust
FN:2555,get_ownertrust_info
FN:2571,list_trust_path
FN:2635,enum_cert_paths
FN:2707,enum_cert_paths_print
FN:2760,get_pref_data
FN:2791,is_algo_in_prefs
FNDA:0,read_record
FNDA:0,write_record
FNDA:0,delete_record
FNDA:0,do_sync
FNDA:0,new_lid_table
FNDA:0,clear_lid_table
FNDA:0,ins_lid_table_item
FNDA:0,qry_lid_table_flag
FNDA:0,new_tn
FNDA:0,release_tn
FNDA:0,release_tn_tree
FNDA:0,keyid_from_lid
FNDA:0,lid_from_keyblock
FNDA:0,get_dir_record
FNDA:0,lid_from_keyid_no_sdir
FNDA:0,register_trusted_key
FNDA:0,add_ultimate_key
FNDA:0,verify_own_keys
FNDA:381,setup_trustdb
FNDA:0,init_trustdb
FNDA:0,sync_trustdb
FNDA:0,print_user_id
FNDA:0,trust_letter
FNDA:0,print_default_uid
FNDA:0,print_uid_from_keyblock
FNDA:0,dump_tn_tree
FNDA:0,dump_tn_tree_with_colons
FNDA:0,create_shadow_dir
FNDA:0,find_or_create_lid
FNDA:0,check_keybinding
FNDA:0,make_key_records
FNDA:0,check_uidsigs
FNDA:0,check_sig_record
FNDA:0,make_sig_records
FNDA:0,make_pref_record
FNDA:0,make_uid_records
FNDA:0,update_trust_record
FNDA:0,do_update_trust_record
FNDA:0,insert_trust_record
FNDA:0,insert_trust_record_by_pk
FNDA:0,check_trust_record
FNDA:0,update_trustdb
FNDA:0,check_trustdb
FNDA:0,build_cert_tree
FNDA:0,upd_one_ownertrust
FNDA:0,propagate_ownertrust
FNDA:0,propagate_validity
FNDA:0,verify_key
FNDA:0,do_check
FNDA:0,update_ownertrust
FNDA:0,clear_trust_checked_flag
FNDA:0,query_trust_record
FNDA:0,check_trust
FNDA:0,mark_fresh_keys
FNDA:0,query_trust_info
FNDA:0,get_ownertrust
FNDA:0,get_ownertrust_info
FNDA:0,list_trust_path
FNDA:0,enum_cert_paths
FNDA:0,enum_cert_paths_print
FNDA:0,get_pref_data
FNDA:0,is_algo_in_prefs
FNF:62
FNH:1
DA:164,0
DA:166,0
DA:167,0
DA:168,0
DA:171,0
DA:179,0
DA:181,0
DA:182,0
DA:183,0
DA:186,0
DA:193,0
DA:195,0
DA:196,0
DA:197,0
DA:200,0
DA:207,0
DA:209,0
DA:210,0
DA:213,0
DA:224,0
DA:228,0
DA:229,0
DA:230,0
DA:231,0
DA:234,0
DA:235,0
DA:262,0
DA:267,0
DA:268,0
DA:269,0
DA:270,0
DA:271,0
DA:273,0
DA:275,0
DA:282,0
DA:286,0
DA:287,0
DA:288,0
DA:289,0
DA:290,0
DA:291,0
DA:293,0
DA:294,0
DA:295,0
DA:296,0
DA:297,0
DA:298,0
DA:302,0
DA:306,0
DA:307,0
DA:308,0
DA:309,0
DA:310,0
DA:312,0
DA:317,0
DA:321,0
DA:322,0
DA:323,0
DA:324,0
DA:327,0
DA:328,0
DA:329,0
DA:330,0
DA:335,0
DA:337,0
DA:338,0
DA:339,0
DA:340,0
DA:342,0
DA:346,0
DA:350,0
DA:351,0
DA:352,0
DA:353,0
DA:355,0
DA:368,0
DA:373,0
DA:374,0
DA:375,0
DA:376,0
DA:379,0
DA:381,0
DA:382,0
DA:383,0
DA:386,0
DA:388,0
DA:390,0
DA:392,0
DA:393,0
DA:396,0
DA:398,0
DA:401,0
DA:406,0
DA:408,0
DA:410,0
DA:411,0
DA:412,0
DA:413,0
DA:415,0
DA:417,0
DA:419,0
DA:424,0
DA:426,0
DA:428,0
DA:429,0
DA:432,0
DA:436,0
DA:440,0
DA:442,0
DA:444,0
DA:447,0
DA:448,0
DA:449,0
DA:450,0
DA:452,0
DA:453,0
DA:454,0
DA:457,0
DA:458,0
DA:468,0
DA:473,0
DA:475,0
DA:478,0
DA:479,0
DA:480,0
DA:481,0
DA:482,0
DA:483,0
DA:484,0
DA:485,0
DA:490,0
DA:495,0
DA:496,0
DA:497,0
DA:498,0
DA:499,0
DA:500,0
DA:503,0
DA:506,0
DA:508,0
DA:511,0
DA:515,0
DA:518,0
DA:528,0
DA:531,0
DA:532,0
DA:533,0
DA:539,0
DA:540,0
DA:541,0
DA:543,0
DA:544,0
DA:545,0
DA:550,0
DA:551,0
DA:556,0
DA:557,0
DA:559,0
DA:561,0
DA:564,0
DA:568,0
DA:569,0
DA:570,0
DA:574,0
DA:575,0
DA:576,0
DA:579,0
DA:581,0
DA:583,0
DA:586,0
DA:589,0
DA:592,0
DA:593,0
DA:594,0
DA:596,0
DA:599,0
DA:603,0
DA:604,0
DA:605,0
DA:607,0
DA:610,0
DA:611,0
DA:612,0
DA:613,0
DA:623,381
DA:626,381
DA:627,0
DA:628,381
DA:629,381
DA:630,381
DA:634,0
DA:636,0
DA:637,0
DA:638,0
DA:640,0
DA:641,0
DA:643,0
DA:645,0
DA:646,0
DA:648,0
DA:649,0
DA:650,0
DA:651,0
DA:652,0
DA:656,0
DA:663,0
DA:664,0
DA:665,0
DA:676,0
DA:678,0
DA:679,0
DA:680,0
DA:688,0
DA:693,0
DA:694,0
DA:695,0
DA:696,0
DA:697,0
DA:698,0
DA:701,0
DA:702,0
DA:703,0
DA:705,0
DA:706,0
DA:715,0
DA:717,0
DA:718,0
DA:719,0
DA:720,0
DA:721,0
DA:722,0
DA:723,0
DA:724,0
DA:725,0
DA:772,0
DA:776,0
DA:777,0
DA:778,0
DA:782,0
DA:788,0
DA:789,0
DA:790,0
DA:791,0
DA:793,0
DA:794,0
DA:796,0
DA:797,0
DA:798,0
DA:799,0
DA:804,0
DA:810,0
DA:814,0
DA:815,0
DA:816,0
DA:817,0
DA:822,0
DA:823,0
DA:827,0
DA:828,0
DA:829,0
DA:830,0
DA:831,0
DA:838,0
DA:839,0
DA:845,0
DA:848,0
DA:864,0
DA:868,0
DA:869,0
DA:872,0
DA:873,0
DA:875,0
DA:876,0
DA:877,0
DA:878,0
DA:879,0
DA:880,0
DA:881,0
DA:882,0
DA:885,0
DA:886,0
DA:887,0
DA:888,0
DA:890,0
DA:892,0
DA:904,0
DA:910,0
DA:911,0
DA:913,0
DA:915,0
DA:916,0
DA:917,0
DA:918,0
DA:919,0
DA:920,0
DA:921,0
DA:922,0
DA:923,0
DA:925,0
DA:930,0
DA:934,0
DA:935,0
DA:936,0
DA:937,0
DA:950,0
DA:954,0
DA:955,0
DA:956,0
DA:957,0
DA:960,0
DA:964,0
DA:966,0
DA:969,0
DA:972,0
DA:973,0
DA:974,0
DA:975,0
DA:977,0
DA:979,0
DA:980,0
DA:982,0
DA:984,0
DA:985,0
DA:986,0
DA:989,0
DA:995,0
DA:996,0
DA:998,0
DA:1000,0
DA:1002,0
DA:1003,0
DA:1004,0
DA:1007,0
DA:1014,0
DA:1016,0
DA:1018,0
DA:1019,0
DA:1020,0
DA:1024,0
DA:1031,0
DA:1036,0
DA:1041,0
DA:1050,0
DA:1051,0
DA:1052,0
DA:1053,0
DA:1054,0
DA:1055,0
DA:1056,0
DA:1057,0
DA:1060,0
DA:1061,0
DA:1062,0
DA:1063,0
DA:1064,0
DA:1065,0
DA:1066,0
DA:1067,0
DA:1068,0
DA:1070,0
DA:1071,0
DA:1072,0
DA:1073,0
DA:1076,0
DA:1078,0
DA:1079,0
DA:1080,0
DA:1081,0
DA:1082,0
DA:1083,0
DA:1085,0
DA:1098,0
DA:1102,0
DA:1104,0
DA:1107,0
DA:1111,0
DA:1112,0
DA:1113,0
DA:1114,0
DA:1118,0
DA:1119,0
DA:1120,0
DA:1122,0
DA:1123,0
DA:1124,0
DA:1125,0
DA:1126,0
DA:1128,0
DA:1129,0
DA:1130,0
DA:1131,0
DA:1134,0
DA:1135,0
DA:1136,0
DA:1137,0
DA:1138,0
DA:1139,0
DA:1145,0
DA:1155,0
DA:1156,0
DA:1157,0
DA:1159,0
DA:1160,0
DA:1161,0
DA:1162,0
DA:1163,0
DA:1165,0
DA:1166,0
DA:1167,0
DA:1173,0
DA:1174,0
DA:1177,0
DA:1187,0
DA:1188,0
DA:1193,0
DA:1197,0
DA:1198,0
DA:1200,0
DA:1202,0
DA:1205,0
DA:1206,0
DA:1208,0
DA:1209,0
DA:1211,0
DA:1213,0
DA:1214,0
DA:1216,0
DA:1218,0
DA:1219,0
DA:1225,0
DA:1226,0
DA:1227,0
DA:1231,0
DA:1233,0
DA:1234,0
DA:1235,0
DA:1238,0
DA:1240,0
DA:1243,0
DA:1244,0
DA:1245,0
DA:1246,0
DA:1255,0
DA:1256,0
DA:1257,0
DA:1258,0
DA:1262,0
DA:1264,0
DA:1265,0
DA:1266,0
DA:1267,0
DA:1268,0
DA:1276,0
DA:1279,0
DA:1288,0
DA:1292,0
DA:1296,0
DA:1299,0
DA:1300,0
DA:1301,0
DA:1302,0
DA:1304,0
DA:1305,0
DA:1306,0
DA:1307,0
DA:1308,0
DA:1310,0
DA:1318,0
DA:1319,0
DA:1320,0
DA:1321,0
DA:1324,0
DA:1325,0
DA:1326,0
DA:1327,0
DA:1331,0
DA:1334,0
DA:1338,0
DA:1339,0
DA:1340,0
DA:1341,0
DA:1343,0
DA:1344,0
DA:1349,0
DA:1350,0
DA:1351,0
DA:1352,0
DA:1353,0
DA:1354,0
DA:1357,0
DA:1358,0
DA:1360,0
DA:1361,0
DA:1362,0
DA:1363,0
DA:1366,0
DA:1368,0
DA:1369,0
DA:1370,0
DA:1371,0
DA:1372,0
DA:1373,0
DA:1375,0
DA:1386,0
DA:1397,0
DA:1399,0
DA:1407,0
DA:1408,0
DA:1409,0
DA:1410,0
DA:1411,0
DA:1412,0
DA:1413,0
DA:1414,0
DA:1415,0
DA:1416,0
DA:1418,0
DA:1419,0
DA:1420,0
DA:1421,0
DA:1422,0
DA:1423,0
DA:1424,0
DA:1428,0
DA:1429,0
DA:1430,0
DA:1431,0
DA:1434,0
DA:1436,0
DA:1437,0
DA:1438,0
DA:1439,0
DA:1440,0
DA:1441,0
DA:1443,0
DA:1448,0
DA:1457,0
DA:1458,0
DA:1461,0
DA:1462,0
DA:1463,0
DA:1464,0
DA:1465,0
DA:1467,0
DA:1470,0
DA:1471,0
DA:1472,0
DA:1473,0
DA:1474,0
DA:1475,0
DA:1476,0
DA:1478,0
DA:1480,0
DA:1481,0
DA:1482,0
DA:1489,0
DA:1490,0
DA:1491,0
DA:1493,0
DA:1496,0
DA:1501,0
DA:1503,0
DA:1504,0
DA:1505,0
DA:1506,0
DA:1507,0
DA:1508,0
DA:1510,0
DA:1520,0
DA:1527,0
DA:1528,0
DA:1529,0
DA:1530,0
DA:1531,0
DA:1532,0
DA:1533,0
DA:1534,0
DA:1535,0
DA:1537,0
DA:1538,0
DA:1547,0
DA:1552,0
DA:1554,0
DA:1555,0
DA:1559,0
DA:1560,0
DA:1561,0
DA:1563,0
DA:1564,0
DA:1568,0
DA:1569,0
DA:1570,0
DA:1573,0
DA:1574,0
DA:1575,0
DA:1577,0
DA:1578,0
DA:1579,0
DA:1580,0
DA:1581,0
DA:1582,0
DA:1584,0
DA:1585,0
DA:1586,0
DA:1588,0
DA:1590,0
DA:1594,0
DA:1595,0
DA:1596,0
DA:1597,0
DA:1598,0
DA:1599,0
DA:1600,0
DA:1602,0
DA:1603,0
DA:1605,0
DA:1606,0
DA:1607,0
DA:1608,0
DA:1609,0
DA:1610,0
DA:1611,0
DA:1612,0
DA:1614,0
DA:1624,0
DA:1629,0
DA:1633,0
DA:1634,0
DA:1636,0
DA:1638,0
DA:1639,0
DA:1642,0
DA:1643,0
DA:1648,0
DA:1649,0
DA:1651,0
DA:1653,0
DA:1654,0
DA:1655,0
DA:1656,0
DA:1658,0
DA:1659,0
DA:1660,0
DA:1663,0
DA:1664,0
DA:1665,0
DA:1666,0
DA:1667,0
DA:1668,0
DA:1670,0
DA:1671,0
DA:1672,0
DA:1678,0
DA:1681,0
DA:1683,0
DA:1686,0
DA:1687,0
DA:1688,0
DA:1689,0
DA:1690,0
DA:1692,0
DA:1702,0
DA:1704,0
DA:1710,0
DA:1711,0
DA:1712,0
DA:1717,0
DA:1718,0
DA:1719,0
DA:1720,0
DA:1723,0
DA:1724,0
DA:1735,0
DA:1740,0
DA:1741,0
DA:1744,0
DA:1747,0
DA:1748,0
DA:1750,0
DA:1760,0
DA:1762,0
DA:1766,0
DA:1767,0
DA:1769,0
DA:1770,0
DA:1771,0
DA:1772,0
DA:1774,0
DA:1777,0
DA:1778,0
DA:1780,0
DA:1781,0
DA:1782,0
DA:1783,0
DA:1786,0
DA:1788,0
DA:1791,0
DA:1794,0
DA:1796,0
DA:1799,0
DA:1801,0
DA:1804,0
DA:1805,0
DA:1817,0
DA:1818,0
DA:1828,0
DA:1832,0
DA:1833,0
DA:1838,0
DA:1840,0
DA:1843,0
DA:1844,0
DA:1846,0
DA:1848,0
DA:1849,0
DA:1851,0
DA:1853,0
DA:1854,0
DA:1855,0
DA:1856,0
DA:1858,0
DA:1859,0
DA:1862,0
DA:1864,0
DA:1865,0
DA:1868,0
DA:1880,0
DA:1901,0
DA:1908,0
DA:1909,0
DA:1911,0
DA:1912,0
DA:1913,0
DA:1914,0
DA:1915,0
DA:1920,0
DA:1921,0
DA:1922,0
DA:1924,0
DA:1925,0
DA:1926,0
DA:1929,0
DA:1930,0
DA:1933,0
DA:1934,0
DA:1936,0
DA:1937,0
DA:1940,0
DA:1943,0
DA:1946,0
DA:1948,0
DA:1950,0
DA:1951,0
DA:1952,0
DA:1953,0
DA:1954,0
DA:1955,0
DA:1958,0
DA:1962,0
DA:1964,0
DA:1965,0
DA:1966,0
DA:1967,0
DA:1968,0
DA:1969,0
DA:1970,0
DA:1971,0
DA:1972,0
DA:1973,0
DA:1974,0
DA:1976,0
DA:1977,0
DA:1979,0
DA:1980,0
DA:1982,0
DA:1984,0
DA:1985,0
DA:1987,0
DA:1988,0
DA:1989,0
DA:1990,0
DA:1991,0
DA:1992,0
DA:1993,0
DA:1996,0
DA:1997,0
DA:1998,0
DA:1999,0
DA:2002,0
DA:2003,0
DA:2009,0
DA:2010,0
DA:2011,0
DA:2014,0
DA:2019,0
DA:2023,0
DA:2024,0
DA:2027,0
DA:2028,0
DA:2029,0
DA:2031,0
DA:2035,0
DA:2036,0
DA:2038,0
DA:2039,0
DA:2040,0
DA:2046,0
DA:2050,0
DA:2051,0
DA:2052,0
DA:2053,0
DA:2054,0
DA:2056,0
DA:2073,0
DA:2076,0
DA:2078,0
DA:2079,0
DA:2081,0
DA:2082,0
DA:2083,0
DA:2084,0
DA:2085,0
DA:2089,0
DA:2090,0
DA:2092,0
DA:2093,0
DA:2094,0
DA:2095,0
DA:2096,0
DA:2098,0
DA:2099,0
DA:2102,0
DA:2103,0
DA:2105,0
DA:2106,0
DA:2110,0
DA:2111,0
DA:2112,0
DA:2113,0
DA:2114,0
DA:2116,0
DA:2118,0
DA:2119,0
DA:2120,0
DA:2122,0
DA:2124,0
DA:2126,0
DA:2127,0
DA:2128,0
DA:2129,0
DA:2132,0
DA:2133,0
DA:2134,0
DA:2135,0
DA:2136,0
DA:2138,0
DA:2139,0
DA:2143,0
DA:2144,0
DA:2155,0
DA:2162,0
DA:2163,0
DA:2164,0
DA:2165,0
DA:2166,0
DA:2176,0
DA:2177,0
DA:2178,0
DA:2179,0
DA:2180,0
DA:2181,0
DA:2186,0
DA:2189,0
DA:2190,0
DA:2191,0
DA:2192,0
DA:2196,0
DA:2197,0
DA:2198,0
DA:2199,0
DA:2200,0
DA:2204,0
DA:2205,0
DA:2206,0
DA:2207,0
DA:2210,0
DA:2211,0
DA:2220,0
DA:2223,0
DA:2225,0
DA:2227,0
DA:2229,0
DA:2232,0
DA:2233,0
DA:2235,0
DA:2236,0
DA:2237,0
DA:2239,0
DA:2242,0
DA:2243,0
DA:2245,0
DA:2246,0
DA:2247,0
DA:2248,0
DA:2250,0
DA:2253,0
DA:2254,0
DA:2256,0
DA:2257,0
DA:2259,0
DA:2260,0
DA:2264,0
DA:2265,0
DA:2266,0
DA:2270,0
DA:2280,0
DA:2284,0
DA:2285,0
DA:2286,0
DA:2289,0
DA:2290,0
DA:2291,0
DA:2292,0
DA:2297,0
DA:2302,0
DA:2303,0
DA:2305,0
DA:2306,0
DA:2307,0
DA:2308,0
DA:2311,0
DA:2312,0
DA:2315,0
DA:2316,0
DA:2317,0
DA:2318,0
DA:2319,0
DA:2339,0
DA:2342,0
DA:2343,0
DA:2367,0
DA:2371,0
DA:2372,0
DA:2377,0
DA:2378,0
DA:2381,0
DA:2382,0
DA:2385,0
DA:2388,0
DA:2390,0
DA:2391,0
DA:2392,0
DA:2393,0
DA:2394,0
DA:2397,0
DA:2402,0
DA:2405,0
DA:2406,0
DA:2410,0
DA:2411,0
DA:2414,0
DA:2415,0
DA:2416,0
DA:2417,0
DA:2418,0
DA:2419,0
DA:2421,0
DA:2425,0
DA:2428,0
DA:2429,0
DA:2432,0
DA:2437,0
DA:2439,0
DA:2440,0
DA:2442,0
DA:2444,0
DA:2445,0
DA:2446,0
DA:2447,0
DA:2448,0
DA:2449,0
DA:2451,0
DA:2452,0
DA:2454,0
DA:2455,0
DA:2461,0
DA:2468,0
DA:2470,0
DA:2471,0
DA:2480,0
DA:2486,0
DA:2488,0
DA:2489,0
DA:2490,0
DA:2492,0
DA:2493,0
DA:2494,0
DA:2496,0
DA:2497,0
DA:2498,0
DA:2499,0
DA:2500,0
DA:2501,0
DA:2502,0
DA:2503,0
DA:2504,0
DA:2505,0
DA:2506,0
DA:2508,0
DA:2512,0
DA:2514,0
DA:2515,0
DA:2516,0
DA:2521,0
DA:2526,0
DA:2527,0
DA:2528,0
DA:2529,0
DA:2530,0
DA:2531,0
DA:2532,0
DA:2533,0
DA:2534,0
DA:2535,0
DA:2536,0
DA:2545,0
DA:2549,0
DA:2550,0
DA:2551,0
DA:2555,0
DA:2560,0
DA:2561,0
DA:2562,0
DA:2563,0
DA:2564,0
DA:2565,0
DA:2571,0
DA:2577,0
DA:2579,0
DA:2580,0
DA:2582,0
DA:2585,0
DA:2587,0
DA:2588,0
DA:2592,0
DA:2595,0
DA:2597,0
DA:2598,0
DA:2599,0
DA:2600,0
DA:2601,0
DA:2603,0
DA:2605,0
DA:2609,0
DA:2611,0
DA:2635,0
DA:2638,0
DA:2707,0
DA:2760,0
DA:2765,0
DA:2766,0
DA:2767,0
DA:2768,0
DA:2769,0
DA:2770,0
DA:2773,0
DA:2774,0
DA:2776,0
DA:2777,0
DA:2778,0
DA:2779,0
DA:2782,0
DA:2791,0
DA:2798,0
DA:2799,0
DA:2800,0
DA:2801,0
DA:2802,0
DA:2803,0
DA:2804,0
DA:2806,0
DA:2807,0
DA:2808,0
DA:2809,0
DA:2813,0
LF:1085
LH:5
end_of_record
TN:
SF:/u/data/u93/mbmccorm/cs490st/project03/gnupg-1.0.5/g10/seskey.c
FN:37,make_session_key
FN:68,encode_session_key
FN:144,do_encode_md
FN:189,encode_md_value
FNDA:0,make_session_key
FNDA:0,encode_session_key
FNDA:0,do_encode_md
FNDA:0,encode_md_value
FNF:4
FNH:0
DA:37,0
DA:42,0
DA:44,0
DA:45,0
DA:46,0
DA:47,0
DA:48,0
DA:49,0
DA:54,0
DA:56,0
DA:68,0
DA:70,0
DA:81,0
DA:82,0
DA:83,0
DA:98,0
DA:99,0
DA:100,0
DA:102,0
DA:103,0
DA:104,0
DA:105,0
DA:106,0
DA:107,0
DA:108,0
DA:115,0
DA:116,0
DA:117,0
DA:118,0
DA:120,0
DA:121,0
DA:122,0
DA:123,0
DA:124,0
DA:125,0
DA:126,0
DA:127,0
DA:128,0
DA:129,0
DA:130,0
DA:131,0
DA:132,0
DA:133,0
DA:134,0
DA:135,0
DA:136,0
DA:137,0
DA:138,0
DA:139,0
DA:144,0
DA:147,0
DA:152,0
DA:153,0
DA:162,0
DA:163,0
DA:164,0
DA:165,0
DA:166,0
DA:167,0
DA:168,0
DA:169,0
DA:170,0
DA:171,0
DA:172,0
DA:173,0
DA:174,0
DA:175,0
DA:176,0
DA:177,0
DA:178,0
DA:189,0
DA:192,0
DA:197,0
DA:198,0
DA:199,0
DA:200,0
DA:201,0
DA:202,0
DA:203,0
DA:206,0
DA:207,0
DA:209,0
LF:82
LH:0
end_of_record
TN:
SF:/u/data/u93/mbmccorm/cs490st/project03/gnupg-1.0.5/g10/pipemode.c
FN:65,make_control
FN:87,pipemode_filter
FN:292,run_in_pipemode
FNDA:0,make_control
FNDA:0,pipemode_filter
FNDA:0,run_in_pipemode
FNF:3
FNH:0
DA:65,0
DA:68,0
DA:70,0
DA:71,0
DA:72,0
DA:74,0
DA:75,0
DA:76,0
DA:77,0
DA:78,0
DA:79,0
DA:80,0
DA:81,0
DA:87,0
DA:90,0
DA:91,0
DA:92,0
DA:93,0
DA:94,0
DA:96,0
DA:97,0
DA:99,0
DA:100,0
DA:101,0
DA:103,0
DA:105,0
DA:106,0
DA:110,0
DA:116,0
DA:117,0
DA:118,0
DA:120,0
DA:121,0
DA:123,0
DA:125,0
DA:126,0
DA:128,0
DA:129,0
DA:130,0
DA:132,0
DA:133,0
DA:134,0
DA:136,0
DA:137,0
DA:138,0
DA:141,0
DA:143,0
DA:145,0
DA:146,0
DA:148,0
DA:149,0
DA:150,0
DA:151,0
DA:152,0
DA:154,0
DA:156,0
DA:157,0
DA:159,0
DA:160,0
DA:167,0
DA:169,0
DA:170,0
DA:172,0
DA:173,0
DA:174,0
DA:175,0
DA:176,0
DA:179,0
DA:180,0
DA:182,0
DA:185,0
DA:186,0
DA:187,0
DA:188,0
DA:190,0
DA:191,0
DA:193,0
DA:194,0
DA:197,0
DA:199,0
DA:200,0
DA:201,0
DA:202,0
DA:203,0
DA:204,0
DA:208,0
DA:209,0
DA:213,0
DA:214,0
DA:219,0
DA:220,0
DA:221,0
DA:222,0
DA:223,0
DA:225,0
DA:226,0
DA:228,0
DA:230,0
DA:234,0
DA:235,0
DA:237,0
DA:238,0
DA:243,0
DA:244,0
DA:246,0
DA:248,0
DA:249,0
DA:250,0
DA:252,0
DA:253,0
DA:254,0
DA:255,0
DA:259,0
DA:260,0
DA:261,0
DA:264,0
DA:267,0
DA:271,0
DA:272,0
DA:273,0
DA:275,0
DA:277,0
DA:278,0
DA:282,0
DA:284,0
DA:285,0
DA:286,0
DA:292,0
DA:299,0
DA:300,0
DA:302,0
DA:303,0
DA:306,0
DA:307,0
DA:308,0
DA:309,0
DA:311,0
LF:137
LH:0
end_of_record
TN:
SF:/u/data/u93/mbmccorm/cs490st/project03/gnupg-1.0.5/g10/pubkey-enc.c
FN:45,get_session_key
FN:97,get_it
FN:222,hextobyte
FN:252,get_override_session_key
FNDA:0,get_session_key
FNDA:0,get_it
FNDA:0,hextobyte
FNDA:0,get_override_session_key
FNF:4
FNH:0
DA:45,0
DA:47,0
DA:50,0
DA:51,0
DA:52,0
DA:54,0
DA:55,0
DA:56,0
DA:57,0
DA:58,0
DA:61,0
DA:65,0
DA:66,0
DA:67,0
DA:68,0
DA:69,0
DA:70,0
DA:71,0
DA:73,0
DA:74,0
DA:75,0
DA:78,0
DA:79,0
DA:80,0
DA:81,0
DA:83,0
DA:85,0
DA:86,0
DA:90,0
DA:91,0
DA:92,0
DA:97,0
DA:100,0
DA:101,0
DA:105,0
DA:106,0
DA:107,0
DA:108,0
DA:109,0
DA:128,0
DA:129,0
DA:130,0
DA:131,0
DA:132,0
DA:133,0
DA:135,0
DA:136,0
DA:138,0
DA:139,0
DA:140,0
DA:142,0
DA:143,0
DA:144,0
DA:146,0
DA:147,0
DA:148,0
DA:149,0
DA:150,0
DA:151,0
DA:152,0
DA:156,0
DA:157,0
DA:159,0
DA:160,0
DA:161,0
DA:165,0
DA:166,0
DA:167,0
DA:168,0
DA:169,0
DA:170,0
DA:171,0
DA:172,0
DA:174,0
DA:175,0
DA:178,0
DA:179,0
DA:181,0
DA:183,0
DA:184,0
DA:188,0
DA:189,0
DA:197,0
DA:209,0
DA:210,0
DA:215,0
DA:216,0
DA:217,0
DA:222,0
DA:226,0
DA:227,0
DA:228,0
DA:229,0
DA:230,0
DA:231,0
DA:233,0
DA:234,0
DA:235,0
DA:236,0
DA:237,0
DA:238,0
DA:239,0
DA:240,0
DA:242,0
DA:243,0
DA:252,0
DA:257,0
DA:258,0
DA:259,0
DA:260,0
DA:261,0
DA:262,0
DA:263,0
DA:264,0
DA:265,0
DA:266,0
DA:267,0
DA:268,0
DA:269,0
DA:271,0
DA:272,0
DA:273,0
DA:274,0
LF:123
LH:0
end_of_record
TN:
SF:/u/data/u93/mbmccorm/cs490st/project03/gnupg-1.0.5/g10/plaintext.c
FN:50,handle_plaintext
FN:277,do_hash
FN:322,ask_for_detached_datafile
FN:377,hash_datafiles
FNDA:0,handle_plaintext
FNDA:0,do_hash
FNDA:0,ask_for_detached_datafile
FNDA:0,hash_datafiles
FNF:4
FNH:0
DA:50,0
DA:53,0
DA:54,0
DA:55,0
DA:57,0
DA:60,0
DA:62,0
DA:63,0
DA:64,0
DA:66,0
DA:68,0
DA:70,0
DA:71,0
DA:72,0
DA:73,0
DA:74,0
DA:75,0
DA:76,0
DA:80,0
DA:83,0
DA:85,0
DA:87,0
DA:93,0
DA:94,0
DA:95,0
DA:96,0
DA:97,0
DA:98,0
DA:100,0
DA:101,0
DA:105,0
DA:107,0
DA:109,0
DA:110,0
DA:113,0
DA:114,0
DA:115,0
DA:116,0
DA:117,0
DA:120,0
DA:121,0
DA:123,0
DA:124,0
DA:126,0
DA:127,0
DA:129,0
DA:130,0
DA:133,0
DA:134,0
DA:140,0
DA:141,0
DA:142,0
DA:143,0
DA:144,0
DA:147,0
DA:148,0
DA:149,0
DA:151,0
DA:152,0
DA:153,0
DA:154,0
DA:157,0
DA:158,0
DA:159,0
DA:162,0
DA:164,0
DA:167,0
DA:168,0
DA:169,0
DA:170,0
DA:171,0
DA:173,0
DA:174,0
DA:176,0
DA:177,0
DA:180,0
DA:181,0
DA:187,0
DA:189,0
DA:196,0
DA:197,0
DA:198,0
DA:199,0
DA:200,0
DA:201,0
DA:202,0
DA:203,0
DA:204,0
DA:207,0
DA:208,0
DA:209,0
DA:213,0
DA:215,0
DA:218,0
DA:220,0
DA:221,0
DA:222,0
DA:225,0
DA:226,0
DA:229,0
DA:230,0
DA:231,0
DA:232,0
DA:233,0
DA:234,0
DA:236,0
DA:237,0
DA:238,0
DA:239,0
DA:240,0
DA:242,0
DA:244,0
DA:245,0
DA:246,0
DA:248,0
DA:249,0
DA:250,0
DA:252,0
DA:253,0
DA:258,0
DA:261,0
DA:263,0
DA:264,0
DA:265,0
DA:267,0
DA:270,0
DA:271,0
DA:272,0
DA:273,0
DA:277,0
DA:282,0
DA:283,0
DA:284,0
DA:286,0
DA:288,0
DA:289,0
DA:290,0
DA:291,0
DA:292,0
DA:293,0
DA:294,0
DA:296,0
DA:297,0
DA:298,0
DA:301,0
DA:303,0
DA:304,0
DA:305,0
DA:309,0
DA:310,0
DA:311,0
DA:314,0
DA:322,0
DA:325,0
DA:327,0
DA:329,0
DA:330,0
DA:331,0
DA:332,0
DA:334,0
DA:335,0
DA:336,0
DA:337,0
DA:338,0
DA:339,0
DA:340,0
DA:342,0
DA:343,0
DA:344,0
DA:345,0
DA:347,0
DA:349,0
DA:350,0
DA:352,0
DA:355,0
DA:356,0
DA:358,0
DA:359,0
DA:361,0
DA:362,0
DA:366,0
DA:367,0
DA:377,0
DA:383,0
DA:385,0
DA:386,0
DA:387,0
DA:388,0
DA:389,0
DA:392,0
DA:396,0
DA:397,0
DA:398,0
DA:401,0
DA:403,0
DA:404,0
DA:407,0
LF:197
LH:0
end_of_record
TN:
SF:/u/data/u93/mbmccorm/cs490st/project03/gnupg-1.0.5/g10/g10.c
FN:428,strusage
FN:480,build_list
FN:510,i18n_init
FN:529,wrong_args
FN:539,make_username
FN:551,set_debug
FN:568,set_cmd
FN:594,main
FN:1628,g10_exit
FN:1647,print_hex
FN:1681,print_hashline
FN:1705,print_mds
FN:1792,add_notation_data
FN:1846,check_policy_url
FNDA:0,strusage
FNDA:0,build_list
FNDA:381,i18n_init
FNDA:0,wrong_args
FNDA:0,make_username
FNDA:381,set_debug
FNDA:0,set_cmd
FNDA:381,main
FNDA:6,g10_exit
FNDA:0,print_hex
FNDA:0,print_hashline
FNDA:0,print_mds
FNDA:0,add_notation_data
FNDA:0,check_policy_url
FNF:14
FNH:4
DA:428,0
DA:432,0
DA:433,0
DA:434,0
DA:435,0
DA:436,0
DA:437,0
DA:439,0
DA:441,0
DA:443,0
DA:444,0
DA:448,0
DA:450,0
DA:451,0
DA:452,0
DA:454,0
DA:455,0
DA:457,0
DA:458,0
DA:460,0
DA:461,0
DA:463,0
DA:464,0
DA:466,0
DA:467,0
DA:469,0
DA:470,0
DA:473,0
DA:475,0
DA:480,0
DA:484,0
DA:487,0
DA:488,0
DA:490,0
DA:491,0
DA:492,0
DA:493,0
DA:494,0
DA:495,0
DA:496,0
DA:497,0
DA:499,0
DA:500,0
DA:503,0
DA:504,0
DA:505,0
DA:510,381
DA:517,381
DA:518,381
DA:522,381
DA:523,381
DA:526,381
DA:529,0
DA:531,0
DA:532,0
DA:533,0
DA:534,0
DA:539,0
DA:542,0
DA:543,0
DA:545,0
DA:546,0
DA:551,381
DA:553,381
DA:554,0
DA:555,381
DA:556,0
DA:557,381
DA:558,0
DA:559,381
DA:560,0
DA:561,381
DA:562,0
DA:564,381
DA:568,0
DA:570,0
DA:572,0
DA:573,0
DA:574,0
DA:575,0
DA:576,0
DA:577,0
DA:578,0
DA:579,0
DA:580,0
DA:581,0
DA:582,0
DA:585,0
DA:588,0
DA:589,0
DA:594,381
DA:598,381
DA:604,381
DA:605,381
DA:607,381
DA:608,381
DA:609,381
DA:611,381
DA:612,381
DA:613,381
DA:614,381
DA:615,381
DA:616,381
DA:617,381
DA:618,381
DA:619,381
DA:620,381
DA:621,381
DA:622,381
DA:623,381
DA:624,381
DA:626,381
DA:629,381
DA:630,381
DA:635,381
DA:636,381
DA:637,381
DA:640,381
DA:641,381
DA:643,381
DA:644,381
DA:646,381
DA:647,381
DA:648,381
DA:649,381
DA:650,381
DA:651,381
DA:652,381
DA:653,381
DA:654,381
DA:655,381
DA:656,381
DA:660,381
DA:662,381
DA:663,381
DA:667,381
DA:668,381
DA:669,381
DA:670,381
DA:671,381
DA:672,762
DA:673,0
DA:674,0
DA:675,0
DA:679,0
DA:681,0
DA:682,0
DA:683,0
DA:684,0
DA:686,0
DA:689,0
DA:690,0
DA:692,0
DA:695,0
DA:712,381
DA:713,0
DA:717,381
DA:718,381
DA:721,381
DA:722,381
DA:724,381
DA:725,381
DA:726,381
DA:727,381
DA:728,381
DA:730,381
DA:731,381
DA:732,381
DA:733,381
DA:734,381
DA:742,0
DA:744,381
DA:748,381
DA:751,762
DA:753,0
DA:754,0
DA:755,0
DA:756,0
DA:757,0
DA:758,0
DA:759,0
DA:760,0
DA:761,0
DA:762,0
DA:763,0
DA:764,0
DA:765,0
DA:766,0
DA:767,0
DA:769,0
DA:770,0
DA:771,0
DA:772,0
DA:774,0
DA:775,0
DA:777,0
DA:779,0
DA:780,0
DA:781,0
DA:782,0
DA:783,0
DA:784,0
DA:785,0
DA:786,0
DA:787,0
DA:788,0
DA:789,0
DA:790,0
DA:791,0
DA:792,0
DA:793,0
DA:794,0
DA:795,0
DA:796,0
DA:797,0
DA:798,0
DA:799,0
DA:800,0
DA:801,0
DA:802,0
DA:803,0
DA:805,0
DA:806,0
DA:807,0
DA:808,0
DA:809,0
DA:810,0
DA:811,0
DA:812,0
DA:813,0
DA:815,0
DA:816,0
DA:817,0
DA:818,0
DA:819,0
DA:820,0
DA:821,0
DA:823,0
DA:824,0
DA:826,0
DA:828,0
DA:830,0
DA:831,0
DA:832,0
DA:835,0
DA:836,0
DA:837,0
DA:838,0
DA:840,0
DA:841,0
DA:842,0
DA:843,0
DA:844,0
DA:845,0
DA:846,0
DA:847,0
DA:848,0
DA:849,0
DA:850,0
DA:851,0
DA:852,0
DA:853,0
DA:854,0
DA:856,0
DA:857,0
DA:858,0
DA:860,0
DA:861,0
DA:862,0
DA:864,0
DA:865,0
DA:866,0
DA:867,0
DA:868,0
DA:869,0
DA:870,0
DA:871,0
DA:873,0
DA:874,0
DA:875,0
DA:876,0
DA:877,0
DA:879,0
DA:880,0
DA:881,0
DA:883,0
DA:884,0
DA:885,0
DA:886,0
DA:887,0
DA:889,0
DA:890,0
DA:891,0
DA:892,0
DA:893,0
DA:894,0
DA:895,0
DA:896,0
DA:897,0
DA:898,0
DA:899,0
DA:900,0
DA:901,0
DA:902,0
DA:903,0
DA:904,0
DA:905,0
DA:906,0
DA:907,0
DA:914,0
DA:915,0
DA:916,0
DA:917,0
DA:918,0
DA:919,0
DA:920,0
DA:921,0
DA:922,0
DA:923,0
DA:924,0
DA:925,0
DA:927,0
DA:929,0
DA:930,0
DA:931,0
DA:933,0
DA:934,0
DA:935,0
DA:936,0
DA:938,0
DA:939,0
DA:940,0
DA:942,0
DA:943,0
DA:945,0
DA:946,0
DA:947,0
DA:948,0
DA:949,0
DA:951,0
DA:954,0
DA:955,0
DA:956,0
DA:957,0
DA:958,0
DA:959,0
DA:960,0
DA:961,0
DA:962,0
DA:963,0
DA:965,0
DA:966,0
DA:968,0
DA:969,0
DA:970,0
DA:971,0
DA:972,0
DA:973,0
DA:974,0
DA:975,0
DA:976,0
DA:977,0
DA:978,0
DA:979,0
DA:980,0
DA:981,0
DA:982,0
DA:983,0
DA:984,0
DA:986,0
DA:987,0
DA:988,0
DA:989,0
DA:990,0
DA:991,0
DA:993,0
DA:994,0
DA:995,0
DA:997,0
DA:1000,381
DA:1001,0
DA:1002,0
DA:1003,0
DA:1004,0
DA:1006,381
DA:1007,381
DA:1008,0
DA:1009,381
DA:1010,0
DA:1012,381
DA:1013,0
DA:1015,0
DA:1025,381
DA:1029,381
DA:1031,0
DA:1034,0
DA:1038,381
DA:1040,381
DA:1041,0
DA:1043,381
DA:1045,381
DA:1046,381
DA:1051,381
DA:1052,0
DA:1053,0
DA:1054,0
DA:1057,381
DA:1058,0
DA:1059,0
DA:1060,0
[...]
DA:700,0
DA:701,0
DA:702,0
DA:703,0
DA:704,0
DA:709,9
DA:710,9
DA:714,7
DA:717,7
DA:721,7
DA:722,7
DA:724,4
DA:725,4
DA:727,3
DA:728,3
DA:730,3
DA:731,3
DA:733,0
DA:734,0
DA:735,0
DA:736,0
DA:737,0
DA:738,0
DA:739,0
DA:741,0
DA:742,0
DA:743,0
DA:744,0
DA:745,0
DA:746,0
DA:749,0
DA:750,0
DA:751,0
DA:752,0
DA:753,0
DA:754,0
DA:755,0
DA:761,7
DA:762,7
DA:767,0
DA:770,0
DA:776,0
DA:777,0
DA:785,0
DA:788,0
DA:789,0
DA:790,0
DA:791,0
DA:792,0
DA:794,0
DA:796,0
DA:797,0
DA:798,0
DA:800,0
DA:801,0
DA:803,0
DA:805,0
DA:806,0
DA:807,0
DA:809,0
DA:810,0
DA:812,0
DA:813,0
DA:815,0
DA:816,0
DA:818,0
DA:819,0
DA:821,0
DA:823,0
DA:824,0
DA:825,0
DA:826,0
DA:828,0
DA:829,0
DA:830,0
DA:832,0
DA:833,0
DA:834,0
DA:836,0
DA:838,0
DA:839,0
DA:840,0
DA:841,0
DA:842,0
DA:845,0
DA:846,0
DA:847,0
DA:848,0
DA:849,0
DA:851,0
DA:854,0
DA:855,0
DA:856,0
DA:857,0
DA:858,0
DA:860,0
DA:861,0
DA:862,0
DA:866,0
DA:868,0
DA:869,0
DA:870,0
DA:871,0
DA:873,0
DA:874,0
DA:875,0
DA:876,0
DA:878,0
DA:879,0
DA:881,0
DA:882,0
DA:884,0
DA:885,0
DA:887,0
DA:888,0
DA:889,0
DA:891,0
DA:892,0
DA:893,0
DA:894,0
DA:896,0
DA:897,0
DA:899,0
DA:900,0
DA:901,0
DA:902,0
DA:904,0
DA:906,0
DA:907,0
DA:908,0
DA:910,0
DA:911,0
DA:912,0
DA:914,0
DA:916,0
DA:917,0
DA:918,0
DA:921,0
DA:931,0
DA:933,0
DA:937,0
DA:938,0
DA:939,0
DA:941,0
DA:943,0
DA:944,0
DA:945,0
DA:947,0
DA:948,0
DA:949,0
DA:951,0
DA:952,0
DA:953,0
DA:955,0
DA:956,0
DA:957,0
DA:962,0
DA:964,0
DA:965,0
DA:966,0
DA:972,0
DA:973,0
DA:974,0
DA:975,0
DA:976,0
DA:977,0
DA:978,0
DA:980,0
DA:985,0
DA:987,0
DA:989,0
DA:990,0
DA:991,0
DA:1003,0
DA:1007,0
DA:1013,0
DA:1021,0
DA:1022,0
DA:1024,0
DA:1028,0
DA:1030,0
DA:1031,0
DA:1032,0
DA:1033,0
DA:1034,0
DA:1035,0
DA:1036,0
DA:1037,0
DA:1038,0
DA:1039,0
DA:1040,0
DA:1043,0
DA:1044,0
DA:1045,0
DA:1046,0
DA:1047,0
DA:1048,0
DA:1050,0
DA:1051,0
DA:1052,0
DA:1053,0
DA:1054,0
DA:1055,0
DA:1058,0
DA:1059,0
DA:1061,0
DA:1062,0
DA:1063,0
DA:1064,0
DA:1065,0
DA:1068,0
DA:1069,0
DA:1070,0
DA:1074,0
DA:1075,0
DA:1077,0
DA:1078,0
DA:1079,0
DA:1080,0
DA:1081,0
DA:1082,0
DA:1083,0
DA:1084,0
DA:1085,0
DA:1088,0
DA:1090,0
DA:1092,0
DA:1096,0
DA:1097,0
DA:1098,0
DA:1100,0
DA:1102,0
DA:1103,0
DA:1105,0
DA:1106,0
DA:1107,0
DA:1111,0
DA:1112,0
DA:1113,0
DA:1118,0
DA:1120,0
DA:1124,0
DA:1128,0
DA:1129,0
DA:1130,0
DA:1131,0
DA:1137,7
DA:1140,7
DA:1142,7
DA:1143,7
DA:1146,7
DA:1148,4
DA:1150,3
DA:1151,3
DA:1152,0
DA:1153,3
DA:1155,3
DA:1156,3
DA:1159,0
DA:1160,0
DA:1162,0
DA:1163,0
DA:1164,0
DA:1165,0
DA:1166,0
DA:1168,0
DA:1169,0
DA:1170,0
DA:1171,0
DA:1172,0
DA:1174,0
DA:1175,0
DA:1177,0
DA:1178,0
DA:1179,0
DA:1180,0
DA:1181,0
DA:1183,0
DA:1184,0
DA:1186,0
DA:1188,0
DA:1189,0
DA:1191,0
DA:1192,0
DA:1194,0
DA:1195,0
DA:1196,0
DA:1197,0
DA:1198,0
DA:1200,0
DA:1201,0
DA:1203,0
DA:1207,0
DA:1209,0
DA:1210,0
DA:1213,0
DA:1214,0
DA:1216,0
DA:1221,0
DA:1222,0
DA:1225,0
DA:1228,0
DA:1229,0
DA:1232,0
DA:1233,0
DA:1234,0
DA:1237,0
DA:1238,0
DA:1242,0
DA:1243,0
DA:1246,0
DA:1247,0
DA:1248,0
DA:1249,0
DA:1250,0
DA:1251,0
DA:1252,0
DA:1253,0
DA:1257,0
DA:1258,0
DA:1259,0
DA:1260,0
DA:1261,0
DA:1264,0
DA:1265,0
DA:1268,0
DA:1269,0
DA:1270,0
DA:1271,0
DA:1272,0
DA:1273,0
DA:1274,0
DA:1275,0
DA:1281,7
DA:1282,7
DA:1287,7
DA:1291,7
DA:1293,7
DA:1295,4
DA:1296,4
DA:1298,3
DA:1299,3
DA:1301,3
DA:1302,3
DA:1304,0
DA:1305,0
DA:1306,0
DA:1307,0
DA:1308,0
DA:1309,0
DA:1310,0
DA:1311,0
DA:1313,0
DA:1314,0
DA:1315,0
DA:1319,7
DA:1320,7
DA:1327,12
DA:1334,12
DA:1335,12
DA:1337,12
DA:1338,12
DA:1341,0
DA:1342,0
DA:1343,0
DA:1345,0
DA:1346,0
DA:1347,0
DA:1349,0
DA:1351,0
DA:1353,0
DA:1354,0
DA:1356,12
DA:1357,0
DA:1358,12
DA:1360,12
DA:1361,12
DA:1364,0
DA:1366,0
DA:1367,0
DA:1370,0
DA:1371,0
DA:1372,0
DA:1375,0
DA:1376,0
DA:1377,0
DA:1379,0
DA:1381,0
DA:1382,0
DA:1383,0
DA:1386,0
DA:1387,0
DA:1388,0
DA:1391,0
DA:1392,0
DA:1394,0
DA:1395,0
DA:1396,0
DA:1397,0
DA:1398,0
DA:1399,0
DA:1400,0
DA:1401,0
DA:1404,0
DA:1406,0
DA:1407,0
DA:1408,0
DA:1409,0
DA:1410,0
DA:1411,0
DA:1412,0
DA:1413,0
DA:1414,0
DA:1415,0
DA:1417,0
DA:1418,0
DA:1419,0
DA:1420,0
DA:1421,0
DA:1422,0
DA:1426,0
DA:1427,0
DA:1430,0
DA:1431,0
DA:1433,0
DA:1434,0
DA:1437,0
DA:1438,0
DA:1439,0
DA:1440,0
DA:1441,0
DA:1442,0
DA:1445,0
DA:1446,0
DA:1447,0
DA:1448,0
DA:1449,0
DA:1450,0
DA:1451,0
DA:1452,0
DA:1454,0
DA:1455,0
DA:1456,0
DA:1458,0
DA:1459,0
DA:1460,0
DA:1461,0
DA:1462,0
DA:1463,0
DA:1465,0
DA:1466,0
DA:1473,0
DA:1475,0
DA:1478,0
DA:1479,0
DA:1480,0
DA:1481,0
DA:1483,0
DA:1484,0
DA:1485,0
DA:1486,0
DA:1487,0
DA:1488,0
DA:1489,0
DA:1490,0
DA:1491,0
DA:1493,0
DA:1494,0
DA:1495,0
DA:1497,0
DA:1498,0
DA:1501,0
DA:1502,0
DA:1503,0
DA:1504,0
DA:1505,0
DA:1506,0
DA:1507,0
DA:1508,0
DA:1509,0
DA:1511,0
DA:1514,0
DA:1515,0
DA:1516,0
DA:1517,0
DA:1519,0
DA:1520,0
DA:1521,0
DA:1522,0
DA:1523,0
DA:1527,0
DA:1528,0
DA:1529,0
DA:1530,0
DA:1531,0
DA:1541,0
DA:1544,0
DA:1545,0
DA:1547,0
DA:1549,0
DA:1550,0
DA:1552,0
DA:1553,0
DA:1554,0
DA:1556,0
DA:1557,0
DA:1558,0
DA:1559,0
DA:1560,0
DA:1561,0
DA:1562,0
DA:1564,0
DA:1567,0
DA:1572,0
DA:1574,0
DA:1575,0
DA:1577,0
DA:1581,0
DA:1583,0
DA:1584,0
DA:1585,0
DA:1589,0
DA:1590,0
DA:1591,0
DA:1592,0
DA:1593,0
DA:1594,0
DA:1595,0
DA:1596,0
DA:1598,0
DA:1599,0
DA:1604,0
DA:1605,0
DA:1606,0
DA:1611,0
DA:1613,0
DA:1614,0
DA:1616,0
DA:1617,0
DA:1620,0
DA:1621,0
DA:1622,0
DA:1623,0
DA:1624,0
DA:1625,0
DA:1631,12
DA:1632,12
DA:1637,0
DA:1641,0
DA:1642,0
DA:1643,0
DA:1644,0
DA:1647,0
DA:1648,0
DA:1649,0
DA:1650,0
DA:1651,0
DA:1652,0
DA:1653,0
DA:1654,0
DA:1655,0
DA:1657,0
DA:1658,0
DA:1659,0
DA:1660,0
DA:1662,0
DA:1663,0
DA:1664,0
DA:1666,0
DA:1667,0
DA:1668,0
DA:1670,0
DA:1672,0
DA:1674,0
DA:1683,0
DA:1687,0
DA:1688,0
DA:1689,0
DA:1691,0
DA:1692,0
DA:1693,0
DA:1694,0
DA:1695,0
DA:1697,0
DA:1698,0
DA:1700,0
DA:1705,2
DA:1709,2
DA:1710,2
DA:1711,0
DA:1712,0
DA:1715,2
DA:1716,2
DA:1717,2
DA:1718,5
DA:1719,3
DA:1721,2
DA:1722,0
DA:1723,0
DA:1725,0
DA:1726,0
DA:1727,0
DA:1729,0
DA:1731,0
DA:1733,2
DA:1738,0
DA:1742,0
DA:1743,0
DA:1744,0
DA:1745,0
DA:1746,0
DA:1747,0
DA:1751,312
DA:1754,312
DA:1760,312
DA:1762,2
DA:1763,2
DA:1765,310
DA:1766,310
DA:1767,310
DA:1768,310
DA:1769,310
DA:1770,310
DA:1771,310
DA:1772,25070
DA:1773,24764
DA:1776,4
DA:1777,4
DA:1778,4
DA:1780,0
DA:1782,310
DA:1783,310
DA:1784,310
DA:1785,310
DA:1787,310
DA:1788,0
DA:1790,0
DA:1791,0
DA:1792,0
DA:1793,0
DA:1794,0
DA:1796,0
DA:1798,0
DA:1802,312
DA:1807,5
DA:1816,5
DA:1817,5
DA:1818,5
DA:1819,5
DA:1820,5
DA:1821,5
DA:1822,0
DA:1823,5
DA:1828,7
DA:1831,7
DA:1833,7
DA:1835,7
DA:1836,7
DA:1842,7
DA:1843,7
DA:1844,7
DA:1845,7
DA:1846,7
DA:1850,0
DA:1851,0
DA:1852,0
DA:1853,0
DA:1857,0
DA:1858,0
DA:1860,0
DA:1862,7
DA:1864,2
DA:1865,2
DA:1866,2
DA:1868,5
DA:1869,0
DA:1870,0
DA:1872,0
DA:1873,0
DA:1874,0
DA:1877,5
DA:1878,5
DA:1881,7
DA:1886,0
DA:1889,0
DA:1893,0
DA:1894,0
DA:1895,0
DA:1896,0
DA:1898,0
DA:1899,0
DA:1901,0
DA:1902,0
DA:1903,0
DA:1906,0
DA:1922,0
DA:1930,0
DA:1931,0
DA:1933,0
DA:1934,0
DA:1935,0
DA:1936,0
DA:1937,0
DA:1938,0
DA:1940,0
DA:1941,0
DA:1943,0
DA:1945,0
DA:1946,0
DA:1947,0
DA:1948,0
DA:1949,0
DA:1951,0
DA:1954,0
DA:1955,0
DA:1956,0
DA:1957,0
DA:1958,0
DA:1959,0
DA:1962,0
DA:1963,0
DA:1965,0
DA:1967,0
DA:1968,0
DA:1973,0
DA:1978,0
DA:1979,0
DA:1980,0
DA:1981,0
DA:1983,0
DA:1984,0
DA:1985,0
DA:1986,0
DA:1987,0
DA:1989,0
LF:990
LH:218
end_of_record
TN:
SF:/u/data/u93/mbmccorm/cs490st/project03/gnupg-1.0.5/g10/seckey-cert.c
FN:39,do_check
FN:174,check_secret_key
FN:209,is_secret_key_protected
FN:220,protect_secret_key
FNDA:0,do_check
FNDA:0,check_secret_key
FNDA:0,is_secret_key_protected
FNDA:0,protect_secret_key
FNF:4
FNH:0
DA:39,0
DA:42,0
DA:46,0
DA:47,0
DA:49,0
DA:52,0
DA:54,0
DA:56,0
DA:57,0
DA:58,0
DA:61,0
DA:63,0
DA:64,0
DA:65,0
DA:66,0
DA:67,0
DA:69,0
DA:71,0
DA:73,0
DA:74,0
DA:75,0
DA:76,0
DA:77,0
DA:78,0
DA:81,0
DA:83,0
DA:84,0
DA:85,0
DA:86,0
DA:87,0
DA:88,0
DA:89,0
DA:90,0
DA:91,0
DA:92,0
DA:94,0
DA:95,0
DA:98,0
DA:99,0
DA:100,0
DA:102,0
DA:108,0
DA:109,0
DA:110,0
DA:111,0
DA:112,0
DA:113,0
DA:117,0
DA:120,0
DA:121,0
DA:122,0
DA:123,0
DA:124,0
DA:125,0
DA:126,0
DA:127,0
DA:128,0
DA:129,0
DA:131,0
DA:132,0
DA:135,0
DA:137,0
DA:138,0
DA:139,0
DA:140,0
DA:141,0
DA:144,0
DA:145,0
DA:146,0
DA:147,0
DA:148,0
DA:149,0
DA:151,0
DA:152,0
DA:155,0
DA:156,0
DA:157,0
DA:158,0
DA:160,0
DA:161,0
DA:164,0
DA:174,0
DA:176,0
DA:179,0
DA:180,0
DA:182,0
DA:185,0
DA:186,0
DA:190,0
DA:191,0
DA:192,0
DA:194,0
DA:195,0
DA:198,0
DA:199,0
DA:201,0
DA:209,0
DA:211,0
DA:220,0
DA:222,0
DA:227,0
DA:228,0
DA:230,0
DA:231,0
DA:233,0
DA:234,0
DA:236,0
DA:237,0
DA:239,0
DA:242,0
DA:243,0
DA:244,0
DA:245,0
DA:246,0
DA:247,0
DA:248,0
DA:252,0
DA:255,0
DA:256,0
DA:257,0
DA:258,0
DA:259,0
DA:260,0
DA:262,0
DA:263,0
DA:264,0
DA:266,0
DA:267,0
DA:268,0
DA:269,0
DA:270,0
DA:271,0
DA:272,0
DA:273,0
DA:274,0
DA:276,0
DA:277,0
DA:278,0
DA:279,0
DA:280,0
DA:281,0
DA:282,0
DA:283,0
DA:284,0
DA:285,0
DA:287,0
DA:288,0
DA:293,0
DA:294,0
DA:295,0
DA:296,0
DA:297,0
DA:298,0
DA:299,0
DA:300,0
DA:301,0
DA:302,0
DA:303,0
DA:305,0
DA:307,0
DA:308,0
DA:311,0
LF:162
LH:0
end_of_record
TN:
SF:/u/data/u93/mbmccorm/cs490st/project03/gnupg-1.0.5/g10/hkp.c
FN:50,hkp_ask_import
FN:99,hkp_import
FN:125,hkp_export
FN:214,urlencode_filter
FNDA:0,hkp_ask_import
FNDA:0,hkp_import
FNDA:0,hkp_export
FNDA:0,urlencode_filter
FNF:4
FNH:0
DA:50,0
DA:55,0
DA:57,0
DA:58,0
DA:61,0
DA:68,0
DA:69,0
DA:70,0
DA:71,0
DA:73,0
DA:74,0
DA:75,0
DA:78,0
DA:79,0
DA:81,0
DA:82,0
DA:88,0
DA:89,0
DA:92,0
DA:93,0
DA:99,0
DA:101,0
DA:103,0
DA:106,0
DA:108,0
DA:109,0
DA:111,0
DA:117,0
DA:118,0
DA:120,0
DA:125,0
DA:129,0
DA:133,0
DA:135,0
DA:137,0
DA:140,0
DA:142,0
DA:143,0
DA:144,0
DA:146,0
DA:147,0
DA:148,0
DA:149,0
DA:152,0
DA:154,0
DA:155,0
DA:156,0
DA:157,0
DA:159,0
DA:160,0
DA:163,0
DA:165,0
DA:166,0
DA:171,0
DA:172,0
DA:173,0
DA:176,0
DA:177,0
DA:178,0
DA:179,0
DA:180,0
DA:182,0
DA:183,0
DA:184,0
DA:185,0
DA:186,0
DA:187,0
DA:189,0
DA:190,0
DA:196,0
DA:198,0
DA:199,0
DA:202,0
DA:209,0
DA:210,0
DA:214,0
DA:217,0
DA:218,0
DA:220,0
DA:222,0
DA:223,0
DA:224,0
DA:225,0
DA:226,0
DA:229,0
DA:230,0
DA:234,0
DA:235,0
DA:236,0
LF:89
LH:0
end_of_record
TN:
SF:/u/data/u93/mbmccorm/cs490st/project03/gnupg-1.0.5/g10/decrypt.c
FN:49,decrypt_message
FNDA:0,decrypt_message
FNF:1
FNH:0
DA:49,0
DA:54,0
DA:57,0
DA:58,0
DA:60,0
DA:63,0
DA:64,0
DA:65,0
DA:66,0
DA:70,0
DA:71,0
DA:72,0
DA:74,0
DA:75,0
DA:76,0
DA:77,0
DA:78,0
LF:17
LH:0
end_of_record
TN:
SF:/u/data/u93/mbmccorm/cs490st/project03/gnupg-1.0.5/g10/comment.c
FN:40,write_comment
FN:66,make_comment_node
FN:81,make_mpi_comment_node
FNDA:0,write_comment
FNDA:0,make_comment_node
FNDA:0,make_mpi_comment_node
FNF:3
FNH:0
DA:40,0
DA:43,0
DA:44,0
DA:46,0
DA:47,0
DA:48,0
DA:49,0
DA:50,0
DA:51,0
DA:54,0
DA:55,0
DA:56,0
DA:58,0
DA:60,0
DA:61,0
DA:66,0
DA:69,0
DA:71,0
DA:72,0
DA:73,0
DA:74,0
DA:75,0
DA:76,0
DA:81,0
DA:86,0
DA:88,0
DA:89,0
DA:90,0
DA:91,0
DA:92,0
DA:93,0
DA:94,0
DA:95,0
DA:96,0
DA:97,0
DA:98,0
DA:99,0
DA:100,0
LF:38
LH:0
end_of_record
TN:
SF:/u/data/u93/mbmccorm/cs490st/project03/gnupg-1.0.5/g10/mdfilter.c
FN:40,md_filter
FN:68,free_md_filter_context
FNDA:0,md_filter
FNDA:6,free_md_filter_context
FNF:2
FNH:1
DA:40,0
DA:43,0
DA:44,0
DA:45,0
DA:47,0
DA:48,0
DA:49,0
DA:50,0
DA:51,0
DA:52,0
DA:53,0
DA:54,0
DA:55,0
DA:58,0
DA:59,0
DA:61,0
DA:62,0
DA:63,0
DA:68,6
DA:70,6
DA:71,6
DA:72,6
DA:73,6
DA:74,6
DA:75,6
LF:25
LH:7
end_of_record
TN:
SF:/u/data/u93/mbmccorm/cs490st/project03/gnupg-1.0.5/g10/import.c
FN:113,import_keys
FN:146,import_keys_stream
FN:160,import
FN:203,print_stats
FN:264,read_block
FN:355,remove_bad_stuff
FN:376,import_one
FN:581,import_secret_one
FN:660,import_revoke_cert
FN:768,chk_self_sigs
FN:834,mark_non_selfsigned_uids_valid
FN:860,delete_inv_parts
FN:961,collapse_uids
FN:1056,merge_blocks
FN:1195,append_uid
FN:1246,merge_sigs
FN:1301,merge_keysigs
FN:1354,append_key
FNDA:0,import_keys
FNDA:0,import_keys_stream
FNDA:0,import
FNDA:0,print_stats
FNDA:0,read_block
FNDA:0,remove_bad_stuff
FNDA:0,import_one
FNDA:0,import_secret_one
FNDA:0,import_revoke_cert
FNDA:0,chk_self_sigs
FNDA:0,mark_non_selfsigned_uids_valid
FNDA:0,delete_inv_parts
FNDA:0,collapse_uids
FNDA:0,merge_blocks
FNDA:0,append_uid
FNDA:0,merge_sigs
FNDA:0,merge_keysigs
FNDA:0,append_key
FNF:18
FNH:0
DA:113,0
DA:118,0
DA:120,0
DA:121,0
DA:123,0
DA:124,0
DA:125,0
DA:126,0
DA:127,0
DA:128,0
DA:131,0
DA:132,0
DA:137,0
DA:138,0
DA:140,0
DA:141,0
DA:142,0
DA:143,0
DA:146,0
DA:148,0
DA:151,0
DA:152,0
DA:153,0
DA:154,0
DA:155,0
DA:156,0
DA:160,0
DA:162,0
DA:164,0
DA:166,0
DA:168,0
DA:169,0
DA:170,0
DA:171,0
DA:174,0
DA:175,0
DA:176,0
DA:177,0
DA:178,0
DA:179,0
DA:180,0
DA:181,0
DA:182,0
DA:187,0
DA:188,0
DA:189,0
DA:190,0
DA:193,0
DA:194,0
DA:198,0
DA:203,0
DA:205,0
DA:207,0
DA:210,0
DA:212,0
DA:214,0
DA:215,0
DA:216,0
DA:218,0
DA:220,0
DA:222,0
DA:224,0
DA:226,0
DA:228,0
DA:230,0
DA:232,0
DA:236,0
DA:238,0
DA:252,0
DA:254,0
DA:264,0
DA:268,0
DA:271,0
DA:272,0
DA:273,0
DA:274,0
DA:277,0
DA:278,0
DA:279,0
DA:280,0
DA:281,0
DA:282,0
DA:284,0
DA:285,0
DA:287,0
DA:288,0
DA:289,0
DA:292,0
DA:293,0
DA:296,0
DA:297,0
DA:298,0
DA:302,0
DA:304,0
DA:305,0
DA:306,0
DA:307,0
DA:310,0
DA:311,0
DA:312,0
DA:313,0
DA:315,0
DA:316,0
DA:317,0
DA:322,0
DA:323,0
DA:324,0
DA:325,0
DA:327,0
DA:329,0
DA:330,0
DA:331,0
DA:333,0
DA:334,0
DA:336,0
DA:337,0
DA:341,0
DA:342,0
DA:344,0
DA:345,0
DA:347,0
DA:348,0
DA:349,0
DA:350,0
DA:355,0
DA:359,0
DA:360,0
DA:362,0
DA:366,0
DA:376,0
DA:381,0
DA:384,0
DA:385,0
DA:386,0
DA:389,0
DA:390,0
DA:391,0
DA:393,0
DA:394,0
DA:395,0
DA:397,0
DA:402,0
DA:403,0
DA:404,0
DA:405,0
DA:407,0
DA:409,0
DA:412,0
DA:413,0
DA:414,0
DA:415,0
DA:417,0
DA:418,0
DA:420,0
DA:421,0
DA:426,0
DA:427,0
DA:432,0
DA:433,0
DA:434,0
DA:438,0
DA:439,0
DA:441,0
DA:442,0
DA:443,0
DA:445,0
DA:447,0
DA:449,0
DA:451,0
DA:454,0
DA:457,0
DA:460,0
DA:462,0
DA:464,0
DA:465,0
DA:466,0
DA:467,0
DA:469,0
DA:470,0
DA:471,0
DA:472,0
DA:479,0
DA:482,0
DA:483,0
DA:487,0
DA:488,0
DA:491,0
DA:493,0
DA:494,0
DA:497,0
DA:500,0
DA:502,0
DA:503,0
DA:504,0
DA:505,0
DA:507,0
DA:508,0
DA:509,0
DA:510,0
DA:512,0
DA:515,0
DA:518,0
DA:520,0
DA:521,0
DA:524,0
DA:527,0
DA:530,0
DA:533,0
DA:536,0
DA:541,0
DA:542,0
DA:543,0
DA:546,0
DA:548,0
DA:551,0
DA:552,0
DA:553,0
DA:555,0
DA:556,0
DA:561,0
DA:562,0
DA:564,0
DA:568,0
DA:569,0
DA:570,0
DA:581,0
DA:587,0
DA:590,0
DA:591,0
DA:592,0
DA:594,0
DA:595,0
DA:596,0
DA:598,0
DA:603,0
DA:604,0
DA:605,0
DA:606,0
DA:608,0
DA:609,0
DA:613,0
DA:616,0
DA:618,0
DA:621,0
DA:624,0
DA:625,0
DA:627,0
DA:629,0
DA:631,0
DA:634,0
DA:637,0
DA:639,0
DA:641,0
DA:643,0
DA:646,0
DA:652,0
DA:660,0
DA:662,0
DA:663,0
DA:666,0
DA:668,0
DA:669,0
DA:670,0
DA:672,0
DA:673,0
DA:675,0
DA:676,0
DA:677,0
DA:680,0
DA:681,0
DA:683,0
DA:686,0
DA:690,0
DA:691,0
DA:694,0
DA:696,0
DA:697,0
DA:700,0
DA:707,0
DA:715,0
DA:716,0
DA:717,0
DA:718,0
DA:719,0
DA:720,0
DA:721,0
DA:722,0
DA:723,0
DA:729,0
DA:732,0
DA:735,0
DA:738,0
DA:740,0
DA:743,0
DA:744,0
DA:746,0
DA:747,0
DA:751,0
DA:755,0
DA:756,0
DA:757,0
DA:768,0
DA:775,0
DA:776,0
DA:777,0
DA:778,0
DA:779,0
DA:780,0
DA:781,0
DA:782,0
DA:785,0
DA:787,0
DA:788,0
DA:794,0
DA:796,0
DA:798,0
DA:799,0
DA:801,0
DA:802,0
DA:805,0
DA:808,0
DA:811,0
DA:812,0
DA:818,0
DA:820,0
DA:825,0
DA:834,0
DA:837,0
DA:838,0
DA:839,0
DA:840,0
DA:841,0
DA:844,0
DA:845,0
DA:846,0
DA:850,0
DA:860,0
DA:863,0
DA:866,0
DA:867,0
DA:868,0
DA:869,0
DA:870,0
DA:873,0
DA:874,0
DA:875,0
DA:877,0
DA:879,0
DA:880,0
DA:881,0
DA:882,0
DA:883,0
DA:884,0
DA:888,0
DA:890,0
DA:891,0
DA:892,0
DA:893,0
DA:897,0
DA:899,0
DA:900,0
DA:901,0
DA:902,0
DA:906,0
DA:907,0
DA:908,0
DA:909,0
DA:910,0
DA:911,0
DA:913,0
DA:914,0
DA:923,0
DA:925,0
DA:926,0
DA:927,0
DA:931,0
DA:934,0
DA:935,0
DA:939,0
DA:943,0
DA:944,0
DA:949,0
DA:950,0
DA:961,0
DA:965,0
DA:969,0
DA:970,0
DA:971,0
DA:972,0
DA:973,0
DA:974,0
DA:975,0
DA:977,0
DA:978,0
DA:979,0
DA:980,0
DA:981,0
DA:984,0
DA:989,0
DA:991,0
DA:995,0
DA:996,0
DA:1000,0
DA:1001,0
DA:1002,0
DA:1003,0
DA:1004,0
DA:1005,0
DA:1006,0
DA:1007,0
DA:1009,0
DA:1010,0
DA:1011,0
DA:1012,0
DA:1013,0
DA:1015,0
DA:1017,0
DA:1018,0
DA:1019,0
DA:1020,0
DA:1021,0
DA:1022,0
DA:1025,0
DA:1026,0
DA:1030,0
DA:1031,0
DA:1032,0
DA:1033,0
DA:1035,0
DA:1039,0
DA:1056,0
DA:1063,0
DA:1064,0
DA:1065,0
DA:1066,0
DA:1067,0
DA:1069,0
DA:1070,0
DA:1071,0
DA:1072,0
DA:1073,0
DA:1074,0
DA:1075,0
DA:1076,0
DA:1077,0
DA:1078,0
DA:1079,0
DA:1080,0
DA:1083,0
DA:1084,0
DA:1085,0
DA:1086,0
DA:1087,0
DA:1095,0
DA:1096,0
DA:1098,0
DA:1099,0
DA:1100,0
DA:1101,0
DA:1102,0
DA:1103,0
DA:1104,0
DA:1105,0
DA:1106,0
DA:1112,0
DA:1113,0
DA:1115,0
DA:1116,0
DA:1117,0
DA:1118,0
DA:1119,0
DA:1120,0
DA:1121,0
DA:1122,0
DA:1123,0
DA:1124,0
DA:1130,0
DA:1131,0
DA:1132,0
DA:1134,0
DA:1135,0
DA:1136,0
DA:1137,0
DA:1138,0
DA:1139,0
DA:1140,0
DA:1141,0
DA:1142,0
DA:1143,0
DA:1146,0
DA:1148,0
DA:1149,0
DA:1150,0
DA:1151,0
DA:1152,0
DA:1153,0
DA:1154,0
DA:1155,0
DA:1156,0
DA:1157,0
DA:1163,0
DA:1164,0
DA:1165,0
DA:1166,0
DA:1168,0
DA:1169,0
DA:1170,0
DA:1171,0
DA:1173,0
DA:1174,0
DA:1175,0
DA:1176,0
DA:1178,0
DA:1179,0
DA:1180,0
DA:1181,0
DA:1187,0
DA:1195,0
DA:1198,0
DA:1200,0
DA:1201,0
DA:1204,0
DA:1208,0
DA:1209,0
DA:1210,0
DA:1213,0
DA:1214,0
DA:1217,0
DA:1220,0
DA:1221,0
DA:1222,0
DA:1223,0
DA:1226,0
DA:1227,0
DA:1228,0
DA:1229,0
DA:1230,0
DA:1232,0
DA:1233,0
DA:1234,0
DA:1237,0
DA:1246,0
DA:1250,0
DA:1252,0
DA:1253,0
DA:1254,0
DA:1257,0
DA:1261,0
DA:1262,0
DA:1263,0
DA:1264,0
DA:1265,0
DA:1266,0
DA:1267,0
DA:1268,0
DA:1269,0
DA:1270,0
DA:1271,0
DA:1272,0
DA:1273,0
DA:1274,0
DA:1275,0
DA:1276,0
DA:1277,0
DA:1278,0
DA:1279,0
DA:1282,0
DA:1286,0
DA:1287,0
DA:1288,0
DA:1289,0
DA:1290,0
DA:1294,0
DA:1301,0
DA:1305,0
DA:1307,0
DA:1310,0
DA:1311,0
DA:1312,0
DA:1314,0
DA:1315,0
DA:1316,0
DA:1317,0
DA:1318,0
DA:1319,0
DA:1321,0
DA:1322,0
DA:1323,0
DA:1324,0
DA:1325,0
DA:1326,0
DA:1327,0
DA:1328,0
DA:1329,0
DA:1330,0
DA:1331,0
DA:1334,0
DA:1338,0
DA:1339,0
DA:1340,0
DA:1341,0
DA:1342,0
DA:1346,0
DA:1354,0
DA:1359,0
DA:1362,0
DA:1365,0
DA:1366,0
DA:1367,0
DA:1368,0
DA:1369,0
DA:1370,0
DA:1372,0
DA:1373,0
DA:1374,0
DA:1377,0
LF:616
LH:0
end_of_record
TN:
SF:/u/data/u93/mbmccorm/cs490st/project03/gnupg-1.0.5/g10/misc.c
FN:50,pull_in_libs
FN:78,trap_unaligned
FN:85,disable_core_dumps
FN:107,checksum_u16
FN:122,checksum_u16_nobug
FN:132,checksum
FN:142,checksum_mpi
FN:172,checksum_mpi_counted_nbits
FN:190,buffer_to_u32
FN:202,no_exp_algo
FN:213,print_pubkey_algo_note
FN:220,print_cipher_algo_note
FN:245,print_digest_algo_note
FN:254,get_session_marker
FN:284,openpgp_cipher_test_algo
FN:292,openpgp_pk_test_algo
FN:300,openpgp_pk_algo_usage
FN:334,openpgp_md_test_algo
FNDA:0,pull_in_libs
FNDA:381,trap_unaligned
FNDA:0,disable_core_dumps
FNDA:0,checksum_u16
FNDA:0,checksum_u16_nobug
FNDA:0,checksum
FNDA:0,checksum_mpi
FNDA:0,checksum_mpi_counted_nbits
FNDA:0,buffer_to_u32
FNDA:0,no_exp_algo
FNDA:0,print_pubkey_algo_note
FNDA:0,print_cipher_algo_note
FNDA:0,print_digest_algo_note
FNDA:0,get_session_marker
FNDA:0,openpgp_cipher_test_algo
FNDA:0,openpgp_pk_test_algo
FNDA:0,openpgp_pk_algo_usage
FNDA:0,openpgp_md_test_algo
FNF:18
FNH:1
DA:50,0
DA:52,0
DA:53,0
DA:54,0
DA:55,0
DA:78,381
DA:80,381
DA:85,0
DA:93,0
DA:94,0
DA:95,0
DA:96,0
DA:97,0
DA:98,0
DA:100,0
DA:107,0
DA:111,0
DA:112,0
DA:113,0
DA:117,0
DA:118,0
DA:122,0
DA:126,0
DA:127,0
DA:128,0
DA:132,0
DA:136,0
DA:137,0
DA:138,0
DA:142,0
DA:149,0
DA:156,0
DA:157,0
DA:159,0
DA:160,0
DA:161,0
DA:162,0
DA:163,0
DA:164,0
DA:165,0
DA:172,0
DA:179,0
DA:180,0
DA:181,0
DA:182,0
DA:183,0
DA:184,0
DA:185,0
DA:190,0
DA:193,0
DA:194,0
DA:195,0
DA:196,0
DA:197,0
DA:202,0
DA:206,0
DA:207,0
DA:210,0
DA:213,0
DA:215,0
DA:216,0
DA:217,0
DA:220,0
DA:222,0
DA:223,0
DA:224,0
DA:225,0
DA:226,0
DA:227,0
DA:228,0
DA:229,0
DA:230,0
DA:236,0
DA:237,0
DA:242,0
DA:245,0
DA:247,0
DA:248,0
DA:249,0
DA:254,0
DA:259,0
DA:263,0
DA:270,0
DA:271,0
DA:272,0
DA:273,0
DA:275,0
DA:276,0
DA:284,0
DA:286,0
DA:287,0
DA:288,0
DA:292,0
DA:294,0
DA:295,0
DA:296,0
DA:300,0
DA:302,0
DA:305,0
DA:307,0
DA:308,0
DA:310,0
DA:311,0
DA:313,0
DA:314,0
DA:316,0
DA:317,0
DA:319,0
DA:320,0
DA:322,0
DA:323,0
DA:325,0
DA:327,0
DA:334,0
DA:336,0
DA:337,0
DA:338,0
LF:117
LH:2
end_of_record
